<?xml version="1.0" encoding="UTF-8"?>
<testsuites name="Batch Reprocess Page" time="575.78" tests="17" failures="0" errors="0">
   <testsuite name="Batch Reprocess Page" tests="17" failures="0" errors="0" time="575.78" skipped="0" timestamp="21-10-2025T18:04:26" hostname="DC1ADOBLD01$ - DC1ADOBLD01.thekag.com" id="Test Suites/DES/Batch Reprocess Page">
      <properties>
         <property name="deviceName" value=""/>
         <property name="devicePlatform"/>
         <property name="logFolder" value="D:\\ADOagent\\vsts-agent-win-x64-2.217.2\\_work\\819\\s\\Reports\\20251021_180125\\DES\\Batch Reprocess Page\\20251021_180138"/>
         <property name="logFiles" value="D:\\ADOagent\\vsts-agent-win-x64-2.217.2\\_work\\819\\s\\Reports\\20251021_180125\\DES\\Batch Reprocess Page\\20251021_180138\\execution0.log"/>
         <property name="attachments" value=""/>
         <property name="hostName" value="DC1ADOBLD01$ - DC1ADOBLD01.thekag.com"/>
         <property name="os" value="Windows Server 2019 64bit"/>
         <property name="katalonVersion" value="9.7.5.223"/>
         <property name="browser" value="Chrome 141.0.0.0"/>
         <property name="hostAddress" value="10.2.20.71"/>
         <property name="sessionId" value="f00ab0bb27479aa36e9338bcd4742ccb"/>
         <property name="seleniumVersion" value="3.141.59"/>
         <property name="proxyInformation" value="ProxyInformation { proxyOption=NO_PROXY, proxyServerType=HTTP, username=, password=********, proxyServerAddress=, proxyServerPort=0, executionList=&quot;&quot;, isApplyToDesiredCapabilities=true }"/>
         <property name="platform" value="Windows Server 2019"/>
      </properties>
      <testcase name="Test Cases/DES/Batch Reprocess Page/NumbersToReprocessField" time="36.601" classname="Test Cases/DES/Batch Reprocess Page/NumbersToReprocessField" status="PASSED">
         <system-out><![CDATA[21-10-2025T18:04:26 - [TEST_CASE][PASSED] - Test Cases/DES/Batch Reprocess Page/NumbersToReprocessField: Test Cases/DES/Batch Reprocess Page/NumbersToReprocessField

21-10-2025T18:04:26 - [TEST_STEP][PASSED] - Start listener action : beforeTestCase: null

21-10-2025T18:04:26 - [TEST_STEP][PASSED] - addDefaultPackages(): null

21-10-2025T18:04:26 - [TEST_STEP][PASSED] - callTestCase(findTestCase("DES/DES Login"), [:], STOP_ON_FAILURE): Call Test Case 'Test Cases/DES/DES Login' successfully

21-10-2025T18:04:26 - [TEST_CASE][PASSED] - Test Cases/DES/DES Login: Test Cases/DES/DES Login

21-10-2025T18:04:26 - [TEST_STEP][PASSED] - openBrowser(""): Browser is opened with url: ''

21-10-2025T18:04:27 - [MESSAGE][INFO] - Starting 'Chrome' driver

21-10-2025T18:04:27 - [MESSAGE][INFO] - User set preference: ['args', '[--no-sandbox, --disable-gpu, --disable-dev-shm-usage]']

21-10-2025T18:04:27 - [MESSAGE][INFO] - Action delay is set to 0 milliseconds

21-10-2025T18:04:29 - [MESSAGE][PASSED] - Browser is opened with url: ''

21-10-2025T18:04:29 - [TEST_STEP][PASSED] - maximizeWindow(): Current window maximized

21-10-2025T18:04:29 - [MESSAGE][PASSED] - Current window maximized

21-10-2025T18:04:29 - [TEST_STEP][PASSED] - delay(10): Delayed 10 second(s)

21-10-2025T18:04:39 - [MESSAGE][PASSED] - Delayed 10 second(s)

21-10-2025T18:04:39 - [TEST_STEP][PASSED] - navigateToUrl("https://dx-portal.qa.thekag.com/"): Navigate to 'https://dx-portal.qa.thekag.com/' successfully

21-10-2025T18:04:39 - [MESSAGE][PASSED] - Navigate to 'https://dx-portal.qa.thekag.com/' successfully

21-10-2025T18:04:39 - [TEST_STEP][PASSED] - delay(5): Delayed 5 second(s)

21-10-2025T18:04:44 - [MESSAGE][PASSED] - Delayed 5 second(s)

21-10-2025T18:04:44 - [TEST_STEP][PASSED] - setText(findTestObject("Object Repository/Page_IdentityServer4/input_Username (e.g. email address)_Username"), "Chris.Sheldon+DES_QA@Thekag.com"): Text 'Chris.Sheldon+DES_QA@Thekag.com' is set on object 'Object Repository/Page_IdentityServer4/input_Username (e.g. email address)_Username'

21-10-2025T18:04:44 - [MESSAGE][PASSED] - Text 'Chris.Sheldon+DES_QA@Thekag.com' is set on object 'Object Repository/Page_IdentityServer4/input_Username (e.g. email address)_Username'

21-10-2025T18:04:44 - [TEST_STEP][PASSED] - setEncryptedText(findTestObject("Page_IdentityServer4/input_Password_Password"), "BtpyPJuZxPz9EFo3Zi2c4Q=="): Text ****** has been set on object 'Object Repository/Page_IdentityServer4/input_Password_Password'

21-10-2025T18:04:44 - [MESSAGE][PASSED] - Text ****** has been set on object 'Object Repository/Page_IdentityServer4/input_Password_Password'

21-10-2025T18:04:44 - [TEST_STEP][PASSED] - click(findTestObject("Object Repository/Page_IdentityServer4/button_Login")): Object: 'Object Repository/Page_IdentityServer4/button_Login' is clicked on

21-10-2025T18:04:44 - [MESSAGE][PASSED] - Object: 'Object Repository/Page_IdentityServer4/button_Login' is clicked on

21-10-2025T18:04:44 - [TEST_STEP][PASSED] - delay(5): Delayed 5 second(s)

21-10-2025T18:04:49 - [MESSAGE][PASSED] - Delayed 5 second(s)

21-10-2025T18:04:49 - [MESSAGE][PASSED] - Call Test Case 'Test Cases/DES/DES Login' successfully

21-10-2025T18:04:49 - [TEST_STEP][PASSED] - navigateToUrl(BatchReprocessPageURL): Navigate to 'https://dx-portal.qa.thekag.com/admin/orderbatchreprocess' successfully

21-10-2025T18:04:50 - [MESSAGE][PASSED] - Navigate to 'https://dx-portal.qa.thekag.com/admin/orderbatchreprocess' successfully

21-10-2025T18:04:50 - [TEST_STEP][PASSED] - delay(5): Delayed 5 second(s)

21-10-2025T18:04:55 - [MESSAGE][PASSED] - Delayed 5 second(s)

21-10-2025T18:04:55 - [TEST_STEP][PASSED] - click(findTestObject("DES/Batch Reprocess Page/Transaction Type_dropdown")): Object: 'Object Repository/DES/Batch Reprocess Page/Transaction Type_dropdown' is clicked on

21-10-2025T18:04:56 - [MESSAGE][PASSED] - Object: 'Object Repository/DES/Batch Reprocess Page/Transaction Type_dropdown' is clicked on

21-10-2025T18:04:56 - [TEST_STEP][PASSED] - click(findTestObject("DES/Batch Reprocess Page/Transaction Type_INV")): Object: 'Object Repository/DES/Batch Reprocess Page/Transaction Type_INV' is clicked on

21-10-2025T18:04:56 - [MESSAGE][PASSED] - Object: 'Object Repository/DES/Batch Reprocess Page/Transaction Type_INV' is clicked on

21-10-2025T18:04:56 - [TEST_STEP][PASSED] - delay(3): Delayed 3 second(s)

21-10-2025T18:04:59 - [MESSAGE][PASSED] - Delayed 3 second(s)

21-10-2025T18:04:59 - [TEST_STEP][PASSED] - click(findTestObject("DES/Batch Reprocess Page/Division_dropdown")): Object: 'Object Repository/DES/Batch Reprocess Page/Division_dropdown' is clicked on

21-10-2025T18:04:59 - [MESSAGE][PASSED] - Object: 'Object Repository/DES/Batch Reprocess Page/Division_dropdown' is clicked on

21-10-2025T18:04:59 - [TEST_STEP][PASSED] - click(findTestObject("DES/Batch Reprocess Page/Division_FDG")): Object: 'Object Repository/DES/Batch Reprocess Page/Division_FDG' is clicked on

21-10-2025T18:04:59 - [MESSAGE][PASSED] - Object: 'Object Repository/DES/Batch Reprocess Page/Division_FDG' is clicked on

21-10-2025T18:04:59 - [TEST_STEP][PASSED] - delay(3): Delayed 3 second(s)

21-10-2025T18:05:02 - [MESSAGE][PASSED] - Delayed 3 second(s)

21-10-2025T18:05:02 - [TEST_STEP][PASSED] - setText(findTestObject("DES/Batch Reprocess Page/Numbers to Reprocess_txt"), "49455253A"): Text '49455253A' is set on object 'Object Repository/DES/Batch Reprocess Page/Numbers to Reprocess_txt'

21-10-2025T18:05:02 - [MESSAGE][PASSED] - Text '49455253A' is set on object 'Object Repository/DES/Batch Reprocess Page/Numbers to Reprocess_txt'

21-10-2025T18:05:02 - [TEST_STEP][PASSED] - closeBrowser(): Browser is closed

21-10-2025T18:05:02 - [MESSAGE][PASSED] - Browser is closed

21-10-2025T18:05:02 - [TEST_STEP][PASSED] - Start listener action : retryOnDisconnect: null

21-10-2025T18:05:02 - [TEST_STEP][PASSED] - tcId = testCaseContext.getTestCaseId(): null

21-10-2025T18:05:02 - [TEST_STEP][PASSED] - currentRetry = retryCounts.getOrDefault(tcId, 0): null

21-10-2025T18:05:02 - [TEST_STEP][PASSED] - if (testCaseContext.getTestCaseStatus() == "FAILED" && currentRetry < MAX_RETRIES): null]]></system-out>
         <system-err><![CDATA[]]></system-err>
      </testcase>
      <testcase name="Test Cases/DES/Batch Reprocess Page/PressReprocessButton" time="40.584" classname="Test Cases/DES/Batch Reprocess Page/PressReprocessButton" status="PASSED">
         <system-out><![CDATA[21-10-2025T18:05:02 - [TEST_CASE][PASSED] - Test Cases/DES/Batch Reprocess Page/PressReprocessButton: Test Cases/DES/Batch Reprocess Page/PressReprocessButton

21-10-2025T18:05:02 - [TEST_STEP][PASSED] - Start listener action : beforeTestCase: null

21-10-2025T18:05:02 - [TEST_STEP][PASSED] - addDefaultPackages(): null

21-10-2025T18:05:02 - [TEST_STEP][PASSED] - callTestCase(findTestCase("DES/DES Login"), [:], STOP_ON_FAILURE): Call Test Case 'Test Cases/DES/DES Login' successfully

21-10-2025T18:05:02 - [TEST_CASE][PASSED] - Test Cases/DES/DES Login: Test Cases/DES/DES Login

21-10-2025T18:05:02 - [TEST_STEP][PASSED] - openBrowser(""): Browser is opened with url: ''

21-10-2025T18:05:02 - [MESSAGE][INFO] - Starting 'Chrome' driver

21-10-2025T18:05:02 - [MESSAGE][INFO] - User set preference: ['args', '[--no-sandbox, --disable-gpu, --disable-dev-shm-usage]']

21-10-2025T18:05:02 - [MESSAGE][INFO] - Action delay is set to 0 milliseconds

21-10-2025T18:05:03 - [MESSAGE][PASSED] - Browser is opened with url: ''

21-10-2025T18:05:03 - [TEST_STEP][PASSED] - maximizeWindow(): Current window maximized

21-10-2025T18:05:03 - [MESSAGE][PASSED] - Current window maximized

21-10-2025T18:05:03 - [TEST_STEP][PASSED] - delay(10): Delayed 10 second(s)

21-10-2025T18:05:13 - [MESSAGE][PASSED] - Delayed 10 second(s)

21-10-2025T18:05:13 - [TEST_STEP][PASSED] - navigateToUrl("https://dx-portal.qa.thekag.com/"): Navigate to 'https://dx-portal.qa.thekag.com/' successfully

21-10-2025T18:05:14 - [MESSAGE][PASSED] - Navigate to 'https://dx-portal.qa.thekag.com/' successfully

21-10-2025T18:05:14 - [TEST_STEP][PASSED] - delay(5): Delayed 5 second(s)

21-10-2025T18:05:19 - [MESSAGE][PASSED] - Delayed 5 second(s)

21-10-2025T18:05:19 - [TEST_STEP][PASSED] - setText(findTestObject("Object Repository/Page_IdentityServer4/input_Username (e.g. email address)_Username"), "Chris.Sheldon+DES_QA@Thekag.com"): Text 'Chris.Sheldon+DES_QA@Thekag.com' is set on object 'Object Repository/Page_IdentityServer4/input_Username (e.g. email address)_Username'

21-10-2025T18:05:19 - [MESSAGE][PASSED] - Text 'Chris.Sheldon+DES_QA@Thekag.com' is set on object 'Object Repository/Page_IdentityServer4/input_Username (e.g. email address)_Username'

21-10-2025T18:05:19 - [TEST_STEP][PASSED] - setEncryptedText(findTestObject("Page_IdentityServer4/input_Password_Password"), "BtpyPJuZxPz9EFo3Zi2c4Q=="): Text ****** has been set on object 'Object Repository/Page_IdentityServer4/input_Password_Password'

21-10-2025T18:05:19 - [MESSAGE][PASSED] - Text ****** has been set on object 'Object Repository/Page_IdentityServer4/input_Password_Password'

21-10-2025T18:05:19 - [TEST_STEP][PASSED] - click(findTestObject("Object Repository/Page_IdentityServer4/button_Login")): Object: 'Object Repository/Page_IdentityServer4/button_Login' is clicked on

21-10-2025T18:05:20 - [MESSAGE][PASSED] - Object: 'Object Repository/Page_IdentityServer4/button_Login' is clicked on

21-10-2025T18:05:20 - [TEST_STEP][PASSED] - delay(5): Delayed 5 second(s)

21-10-2025T18:05:25 - [MESSAGE][PASSED] - Delayed 5 second(s)

21-10-2025T18:05:25 - [MESSAGE][PASSED] - Call Test Case 'Test Cases/DES/DES Login' successfully

21-10-2025T18:05:25 - [TEST_STEP][PASSED] - navigateToUrl(BatchReprocessPageURL): Navigate to 'https://dx-portal.qa.thekag.com/admin/orderbatchreprocess' successfully

21-10-2025T18:05:25 - [MESSAGE][PASSED] - Navigate to 'https://dx-portal.qa.thekag.com/admin/orderbatchreprocess' successfully

21-10-2025T18:05:25 - [TEST_STEP][PASSED] - delay(5): Delayed 5 second(s)

21-10-2025T18:05:30 - [MESSAGE][PASSED] - Delayed 5 second(s)

21-10-2025T18:05:30 - [TEST_STEP][PASSED] - click(findTestObject("Object Repository/DES/Page_data-exchange/div_Transaction Type_multiselect__tags")): Object: 'Object Repository/DES/Page_data-exchange/div_Transaction Type_multiselect__tags' is clicked on

21-10-2025T18:05:30 - [MESSAGE][PASSED] - Object: 'Object Repository/DES/Page_data-exchange/div_Transaction Type_multiselect__tags' is clicked on

21-10-2025T18:05:30 - [TEST_STEP][PASSED] - click(findTestObject("Object Repository/DES/Page_data-exchange/span_INV - Invoice")): Object: 'Object Repository/DES/Page_data-exchange/span_INV - Invoice' is clicked on

21-10-2025T18:05:30 - [MESSAGE][PASSED] - Object: 'Object Repository/DES/Page_data-exchange/span_INV - Invoice' is clicked on

21-10-2025T18:05:30 - [TEST_STEP][PASSED] - delay(3): Delayed 3 second(s)

21-10-2025T18:05:33 - [MESSAGE][PASSED] - Delayed 3 second(s)

21-10-2025T18:05:33 - [TEST_STEP][PASSED] - click(findTestObject("Object Repository/DES/Page_data-exchange/div_Division_multiselect__select")): Object: 'Object Repository/DES/Page_data-exchange/div_Division_multiselect__select' is clicked on

21-10-2025T18:05:33 - [MESSAGE][PASSED] - Object: 'Object Repository/DES/Page_data-exchange/div_Division_multiselect__select' is clicked on

21-10-2025T18:05:33 - [TEST_STEP][PASSED] - click(findTestObject("Object Repository/DES/Page_data-exchange/span_FDG - Fuels Delivery Group")): Object: 'Object Repository/DES/Page_data-exchange/span_FDG - Fuels Delivery Group' is clicked on

21-10-2025T18:05:33 - [MESSAGE][PASSED] - Object: 'Object Repository/DES/Page_data-exchange/span_FDG - Fuels Delivery Group' is clicked on

21-10-2025T18:05:33 - [TEST_STEP][PASSED] - delay(3): Delayed 3 second(s)

21-10-2025T18:05:36 - [MESSAGE][PASSED] - Delayed 3 second(s)

21-10-2025T18:05:36 - [TEST_STEP][PASSED] - setText(findTestObject("Object Repository/DES/Page_data-exchange/textarea_(0)_numbers-to-reprocess"), "49455253A"): Text '49455253A' is set on object 'Object Repository/DES/Page_data-exchange/textarea_(0)_numbers-to-reprocess'

21-10-2025T18:05:37 - [MESSAGE][PASSED] - Text '49455253A' is set on object 'Object Repository/DES/Page_data-exchange/textarea_(0)_numbers-to-reprocess'

21-10-2025T18:05:37 - [TEST_STEP][PASSED] - delay(3): Delayed 3 second(s)

21-10-2025T18:05:40 - [MESSAGE][PASSED] - Delayed 3 second(s)

21-10-2025T18:05:40 - [TEST_STEP][PASSED] - click(findTestObject("Object Repository/DES/Page_data-exchange/button_Reprocess")): Object: 'Object Repository/DES/Page_data-exchange/button_Reprocess' is clicked on

21-10-2025T18:05:40 - [MESSAGE][PASSED] - Object: 'Object Repository/DES/Page_data-exchange/button_Reprocess' is clicked on

21-10-2025T18:05:40 - [TEST_STEP][PASSED] - delay(3): Delayed 3 second(s)

21-10-2025T18:05:43 - [MESSAGE][PASSED] - Delayed 3 second(s)

21-10-2025T18:05:43 - [TEST_STEP][PASSED] - closeBrowser(): Browser is closed

21-10-2025T18:05:43 - [MESSAGE][PASSED] - Browser is closed

21-10-2025T18:05:43 - [TEST_STEP][PASSED] - Start listener action : retryOnDisconnect: null

21-10-2025T18:05:43 - [TEST_STEP][PASSED] - tcId = testCaseContext.getTestCaseId(): null

21-10-2025T18:05:43 - [TEST_STEP][PASSED] - currentRetry = retryCounts.getOrDefault(tcId, 0): null

21-10-2025T18:05:43 - [TEST_STEP][PASSED] - if (testCaseContext.getTestCaseStatus() == "FAILED" && currentRetry < MAX_RETRIES): null]]></system-out>
         <system-err><![CDATA[]]></system-err>
      </testcase>
      <testcase name="Test Cases/DES/Batch Reprocess Page/ReprocessClearButton" time="38.351" classname="Test Cases/DES/Batch Reprocess Page/ReprocessClearButton" status="PASSED">
         <system-out><![CDATA[21-10-2025T18:05:43 - [TEST_CASE][PASSED] - Test Cases/DES/Batch Reprocess Page/ReprocessClearButton: Test Cases/DES/Batch Reprocess Page/ReprocessClearButton

21-10-2025T18:05:43 - [TEST_STEP][PASSED] - Start listener action : beforeTestCase: null

21-10-2025T18:05:43 - [TEST_STEP][PASSED] - addDefaultPackages(): null

21-10-2025T18:05:43 - [TEST_STEP][PASSED] - callTestCase(findTestCase("DES/DES Login"), [:], STOP_ON_FAILURE): Call Test Case 'Test Cases/DES/DES Login' successfully

21-10-2025T18:05:43 - [TEST_CASE][PASSED] - Test Cases/DES/DES Login: Test Cases/DES/DES Login

21-10-2025T18:05:43 - [TEST_STEP][PASSED] - openBrowser(""): Browser is opened with url: ''

21-10-2025T18:05:43 - [MESSAGE][INFO] - Starting 'Chrome' driver

21-10-2025T18:05:43 - [MESSAGE][INFO] - User set preference: ['args', '[--no-sandbox, --disable-gpu, --disable-dev-shm-usage]']

21-10-2025T18:05:43 - [MESSAGE][INFO] - Action delay is set to 0 milliseconds

21-10-2025T18:05:44 - [MESSAGE][PASSED] - Browser is opened with url: ''

21-10-2025T18:05:44 - [TEST_STEP][PASSED] - maximizeWindow(): Current window maximized

21-10-2025T18:05:44 - [MESSAGE][PASSED] - Current window maximized

21-10-2025T18:05:44 - [TEST_STEP][PASSED] - delay(10): Delayed 10 second(s)

21-10-2025T18:05:54 - [MESSAGE][PASSED] - Delayed 10 second(s)

21-10-2025T18:05:54 - [TEST_STEP][PASSED] - navigateToUrl("https://dx-portal.qa.thekag.com/"): Navigate to 'https://dx-portal.qa.thekag.com/' successfully

21-10-2025T18:05:54 - [MESSAGE][PASSED] - Navigate to 'https://dx-portal.qa.thekag.com/' successfully

21-10-2025T18:05:54 - [TEST_STEP][PASSED] - delay(5): Delayed 5 second(s)

21-10-2025T18:05:59 - [MESSAGE][PASSED] - Delayed 5 second(s)

21-10-2025T18:05:59 - [TEST_STEP][PASSED] - setText(findTestObject("Object Repository/Page_IdentityServer4/input_Username (e.g. email address)_Username"), "Chris.Sheldon+DES_QA@Thekag.com"): Text 'Chris.Sheldon+DES_QA@Thekag.com' is set on object 'Object Repository/Page_IdentityServer4/input_Username (e.g. email address)_Username'

21-10-2025T18:06:00 - [MESSAGE][PASSED] - Text 'Chris.Sheldon+DES_QA@Thekag.com' is set on object 'Object Repository/Page_IdentityServer4/input_Username (e.g. email address)_Username'

21-10-2025T18:06:00 - [TEST_STEP][PASSED] - setEncryptedText(findTestObject("Page_IdentityServer4/input_Password_Password"), "BtpyPJuZxPz9EFo3Zi2c4Q=="): Text ****** has been set on object 'Object Repository/Page_IdentityServer4/input_Password_Password'

21-10-2025T18:06:00 - [MESSAGE][PASSED] - Text ****** has been set on object 'Object Repository/Page_IdentityServer4/input_Password_Password'

21-10-2025T18:06:00 - [TEST_STEP][PASSED] - click(findTestObject("Object Repository/Page_IdentityServer4/button_Login")): Object: 'Object Repository/Page_IdentityServer4/button_Login' is clicked on

21-10-2025T18:06:00 - [MESSAGE][PASSED] - Object: 'Object Repository/Page_IdentityServer4/button_Login' is clicked on

21-10-2025T18:06:00 - [TEST_STEP][PASSED] - delay(5): Delayed 5 second(s)

21-10-2025T18:06:05 - [MESSAGE][PASSED] - Delayed 5 second(s)

21-10-2025T18:06:05 - [MESSAGE][PASSED] - Call Test Case 'Test Cases/DES/DES Login' successfully

21-10-2025T18:06:05 - [TEST_STEP][PASSED] - navigateToUrl(BatchReprocessPageURL): Navigate to 'https://dx-portal.qa.thekag.com/admin/orderbatchreprocess' successfully

21-10-2025T18:06:05 - [MESSAGE][PASSED] - Navigate to 'https://dx-portal.qa.thekag.com/admin/orderbatchreprocess' successfully

21-10-2025T18:06:05 - [TEST_STEP][PASSED] - delay(5): Delayed 5 second(s)

21-10-2025T18:06:10 - [MESSAGE][PASSED] - Delayed 5 second(s)

21-10-2025T18:06:10 - [TEST_STEP][PASSED] - click(findTestObject("DES/Batch Reprocess Page/Transaction Type_dropdown")): Object: 'Object Repository/DES/Batch Reprocess Page/Transaction Type_dropdown' is clicked on

21-10-2025T18:06:10 - [MESSAGE][PASSED] - Object: 'Object Repository/DES/Batch Reprocess Page/Transaction Type_dropdown' is clicked on

21-10-2025T18:06:10 - [TEST_STEP][PASSED] - click(findTestObject("DES/Batch Reprocess Page/Transaction Type_INV")): Object: 'Object Repository/DES/Batch Reprocess Page/Transaction Type_INV' is clicked on

21-10-2025T18:06:11 - [MESSAGE][PASSED] - Object: 'Object Repository/DES/Batch Reprocess Page/Transaction Type_INV' is clicked on

21-10-2025T18:06:11 - [TEST_STEP][PASSED] - delay(3): Delayed 3 second(s)

21-10-2025T18:06:14 - [MESSAGE][PASSED] - Delayed 3 second(s)

21-10-2025T18:06:14 - [TEST_STEP][PASSED] - click(findTestObject("DES/Batch Reprocess Page/Division_dropdown")): Object: 'Object Repository/DES/Batch Reprocess Page/Division_dropdown' is clicked on

21-10-2025T18:06:14 - [MESSAGE][PASSED] - Object: 'Object Repository/DES/Batch Reprocess Page/Division_dropdown' is clicked on

21-10-2025T18:06:14 - [TEST_STEP][PASSED] - click(findTestObject("DES/Batch Reprocess Page/Division_FDG")): Object: 'Object Repository/DES/Batch Reprocess Page/Division_FDG' is clicked on

21-10-2025T18:06:14 - [MESSAGE][PASSED] - Object: 'Object Repository/DES/Batch Reprocess Page/Division_FDG' is clicked on

21-10-2025T18:06:14 - [TEST_STEP][PASSED] - delay(3): Delayed 3 second(s)

21-10-2025T18:06:17 - [MESSAGE][PASSED] - Delayed 3 second(s)

21-10-2025T18:06:17 - [TEST_STEP][PASSED] - setText(findTestObject("DES/Batch Reprocess Page/Numbers to Reprocess_txt"), "49455253A"): Text '49455253A' is set on object 'Object Repository/DES/Batch Reprocess Page/Numbers to Reprocess_txt'

21-10-2025T18:06:17 - [MESSAGE][PASSED] - Text '49455253A' is set on object 'Object Repository/DES/Batch Reprocess Page/Numbers to Reprocess_txt'

21-10-2025T18:06:17 - [TEST_STEP][PASSED] - delay(2): Delayed 2 second(s)

21-10-2025T18:06:19 - [MESSAGE][PASSED] - Delayed 2 second(s)

21-10-2025T18:06:19 - [TEST_STEP][PASSED] - click(findTestObject("DES/Batch Reprocess Page/Clear_btn")): Object: 'Object Repository/DES/Batch Reprocess Page/Clear_btn' is clicked on

21-10-2025T18:06:19 - [MESSAGE][PASSED] - Object: 'Object Repository/DES/Batch Reprocess Page/Clear_btn' is clicked on

21-10-2025T18:06:19 - [TEST_STEP][PASSED] - delay(2): Delayed 2 second(s)

21-10-2025T18:06:21 - [MESSAGE][PASSED] - Delayed 2 second(s)

21-10-2025T18:06:21 - [TEST_STEP][PASSED] - verifyElementText(findTestObject("DES/Batch Reprocess Page/Numbers to Reprocess_txt"), ""): Actual text and expected text of test object 'Object Repository/DES/Batch Reprocess Page/Numbers to Reprocess_txt' are matched.

21-10-2025T18:06:21 - [MESSAGE][PASSED] - Actual text and expected text of test object 'Object Repository/DES/Batch Reprocess Page/Numbers to Reprocess_txt' are matched.

21-10-2025T18:06:21 - [TEST_STEP][PASSED] - closeBrowser(): Browser is closed

21-10-2025T18:06:21 - [MESSAGE][PASSED] - Browser is closed

21-10-2025T18:06:21 - [TEST_STEP][PASSED] - Start listener action : retryOnDisconnect: null

21-10-2025T18:06:21 - [TEST_STEP][PASSED] - tcId = testCaseContext.getTestCaseId(): null

21-10-2025T18:06:21 - [TEST_STEP][PASSED] - currentRetry = retryCounts.getOrDefault(tcId, 0): null

21-10-2025T18:06:21 - [TEST_STEP][PASSED] - if (testCaseContext.getTestCaseStatus() == "FAILED" && currentRetry < MAX_RETRIES): null]]></system-out>
         <system-err><![CDATA[]]></system-err>
      </testcase>
      <testcase name="Test Cases/DES/Batch Reprocess Page/SelectDivisionCan" time="32.913" classname="Test Cases/DES/Batch Reprocess Page/SelectDivisionCan" status="PASSED">
         <system-out><![CDATA[21-10-2025T18:06:21 - [TEST_CASE][PASSED] - Test Cases/DES/Batch Reprocess Page/SelectDivisionCan: Test Cases/DES/Batch Reprocess Page/SelectDivisionCan

21-10-2025T18:06:21 - [TEST_STEP][PASSED] - Start listener action : beforeTestCase: null

21-10-2025T18:06:21 - [TEST_STEP][PASSED] - addDefaultPackages(): null

21-10-2025T18:06:21 - [TEST_STEP][PASSED] - callTestCase(findTestCase("DES/DES Login"), [:], STOP_ON_FAILURE): Call Test Case 'Test Cases/DES/DES Login' successfully

21-10-2025T18:06:21 - [TEST_CASE][PASSED] - Test Cases/DES/DES Login: Test Cases/DES/DES Login

21-10-2025T18:06:21 - [TEST_STEP][PASSED] - openBrowser(""): Browser is opened with url: ''

21-10-2025T18:06:21 - [MESSAGE][INFO] - Starting 'Chrome' driver

21-10-2025T18:06:21 - [MESSAGE][INFO] - User set preference: ['args', '[--no-sandbox, --disable-gpu, --disable-dev-shm-usage]']

21-10-2025T18:06:21 - [MESSAGE][INFO] - Action delay is set to 0 milliseconds

21-10-2025T18:06:22 - [MESSAGE][PASSED] - Browser is opened with url: ''

21-10-2025T18:06:22 - [TEST_STEP][PASSED] - maximizeWindow(): Current window maximized

21-10-2025T18:06:22 - [MESSAGE][PASSED] - Current window maximized

21-10-2025T18:06:22 - [TEST_STEP][PASSED] - delay(10): Delayed 10 second(s)

21-10-2025T18:06:32 - [MESSAGE][PASSED] - Delayed 10 second(s)

21-10-2025T18:06:32 - [TEST_STEP][PASSED] - navigateToUrl("https://dx-portal.qa.thekag.com/"): Navigate to 'https://dx-portal.qa.thekag.com/' successfully

21-10-2025T18:06:33 - [MESSAGE][PASSED] - Navigate to 'https://dx-portal.qa.thekag.com/' successfully

21-10-2025T18:06:33 - [TEST_STEP][PASSED] - delay(5): Delayed 5 second(s)

21-10-2025T18:06:38 - [MESSAGE][PASSED] - Delayed 5 second(s)

21-10-2025T18:06:38 - [TEST_STEP][PASSED] - setText(findTestObject("Object Repository/Page_IdentityServer4/input_Username (e.g. email address)_Username"), "Chris.Sheldon+DES_QA@Thekag.com"): Text 'Chris.Sheldon+DES_QA@Thekag.com' is set on object 'Object Repository/Page_IdentityServer4/input_Username (e.g. email address)_Username'

21-10-2025T18:06:38 - [MESSAGE][PASSED] - Text 'Chris.Sheldon+DES_QA@Thekag.com' is set on object 'Object Repository/Page_IdentityServer4/input_Username (e.g. email address)_Username'

21-10-2025T18:06:38 - [TEST_STEP][PASSED] - setEncryptedText(findTestObject("Page_IdentityServer4/input_Password_Password"), "BtpyPJuZxPz9EFo3Zi2c4Q=="): Text ****** has been set on object 'Object Repository/Page_IdentityServer4/input_Password_Password'

21-10-2025T18:06:38 - [MESSAGE][PASSED] - Text ****** has been set on object 'Object Repository/Page_IdentityServer4/input_Password_Password'

21-10-2025T18:06:38 - [TEST_STEP][PASSED] - click(findTestObject("Object Repository/Page_IdentityServer4/button_Login")): Object: 'Object Repository/Page_IdentityServer4/button_Login' is clicked on

21-10-2025T18:06:38 - [MESSAGE][PASSED] - Object: 'Object Repository/Page_IdentityServer4/button_Login' is clicked on

21-10-2025T18:06:38 - [TEST_STEP][PASSED] - delay(5): Delayed 5 second(s)

21-10-2025T18:06:43 - [MESSAGE][PASSED] - Delayed 5 second(s)

21-10-2025T18:06:43 - [MESSAGE][PASSED] - Call Test Case 'Test Cases/DES/DES Login' successfully

21-10-2025T18:06:43 - [TEST_STEP][PASSED] - navigateToUrl(BatchReprocessPageURL): Navigate to 'https://dx-portal.qa.thekag.com/admin/orderbatchreprocess' successfully

21-10-2025T18:06:44 - [MESSAGE][PASSED] - Navigate to 'https://dx-portal.qa.thekag.com/admin/orderbatchreprocess' successfully

21-10-2025T18:06:44 - [TEST_STEP][PASSED] - delay(5): Delayed 5 second(s)

21-10-2025T18:06:49 - [MESSAGE][PASSED] - Delayed 5 second(s)

21-10-2025T18:06:49 - [TEST_STEP][PASSED] - click(findTestObject("DES/Batch Reprocess Page/Transaction Type_dropdown")): Object: 'Object Repository/DES/Batch Reprocess Page/Transaction Type_dropdown' is clicked on

21-10-2025T18:06:49 - [MESSAGE][PASSED] - Object: 'Object Repository/DES/Batch Reprocess Page/Transaction Type_dropdown' is clicked on

21-10-2025T18:06:49 - [TEST_STEP][PASSED] - click(findTestObject("DES/Batch Reprocess Page/Transaction Type_INV")): Object: 'Object Repository/DES/Batch Reprocess Page/Transaction Type_INV' is clicked on

21-10-2025T18:06:49 - [MESSAGE][PASSED] - Object: 'Object Repository/DES/Batch Reprocess Page/Transaction Type_INV' is clicked on

21-10-2025T18:06:49 - [TEST_STEP][PASSED] - delay(3): Delayed 3 second(s)

21-10-2025T18:06:52 - [MESSAGE][PASSED] - Delayed 3 second(s)

21-10-2025T18:06:52 - [TEST_STEP][PASSED] - click(findTestObject("DES/Batch Reprocess Page/Division_dropdown")): Object: 'Object Repository/DES/Batch Reprocess Page/Division_dropdown' is clicked on

21-10-2025T18:06:52 - [MESSAGE][PASSED] - Object: 'Object Repository/DES/Batch Reprocess Page/Division_dropdown' is clicked on

21-10-2025T18:06:52 - [TEST_STEP][PASSED] - click(findTestObject("DES/Batch Reprocess Page/Division_CAN")): Object: 'Object Repository/DES/Batch Reprocess Page/Division_CAN' is clicked on

21-10-2025T18:06:52 - [MESSAGE][PASSED] - Object: 'Object Repository/DES/Batch Reprocess Page/Division_CAN' is clicked on

21-10-2025T18:06:52 - [TEST_STEP][PASSED] - delay(1): Delayed 1 second(s)

21-10-2025T18:06:53 - [MESSAGE][PASSED] - Delayed 1 second(s)

21-10-2025T18:06:53 - [TEST_STEP][PASSED] - verifyTextPresent("CAN - West Canada", false): Text 'CAN - West Canada' is present on page 

21-10-2025T18:06:53 - [MESSAGE][PASSED] - Text 'CAN - West Canada' is present on page 

21-10-2025T18:06:53 - [TEST_STEP][PASSED] - delay(1): Delayed 1 second(s)

21-10-2025T18:06:54 - [MESSAGE][PASSED] - Delayed 1 second(s)

21-10-2025T18:06:54 - [TEST_STEP][PASSED] - closeBrowser(): Browser is closed

21-10-2025T18:06:54 - [MESSAGE][PASSED] - Browser is closed

21-10-2025T18:06:54 - [TEST_STEP][PASSED] - Start listener action : retryOnDisconnect: null

21-10-2025T18:06:54 - [TEST_STEP][PASSED] - tcId = testCaseContext.getTestCaseId(): null

21-10-2025T18:06:54 - [TEST_STEP][PASSED] - currentRetry = retryCounts.getOrDefault(tcId, 0): null

21-10-2025T18:06:54 - [TEST_STEP][PASSED] - if (testCaseContext.getTestCaseStatus() == "FAILED" && currentRetry < MAX_RETRIES): null]]></system-out>
         <system-err><![CDATA[]]></system-err>
      </testcase>
      <testcase name="Test Cases/DES/Batch Reprocess Page/SelectDivisionFdg" time="33.005" classname="Test Cases/DES/Batch Reprocess Page/SelectDivisionFdg" status="PASSED">
         <system-out><![CDATA[21-10-2025T18:06:54 - [TEST_CASE][PASSED] - Test Cases/DES/Batch Reprocess Page/SelectDivisionFdg: Test Cases/DES/Batch Reprocess Page/SelectDivisionFdg

21-10-2025T18:06:54 - [TEST_STEP][PASSED] - Start listener action : beforeTestCase: null

21-10-2025T18:06:54 - [TEST_STEP][PASSED] - addDefaultPackages(): null

21-10-2025T18:06:54 - [TEST_STEP][PASSED] - callTestCase(findTestCase("DES/DES Login"), [:], STOP_ON_FAILURE): Call Test Case 'Test Cases/DES/DES Login' successfully

21-10-2025T18:06:54 - [TEST_CASE][PASSED] - Test Cases/DES/DES Login: Test Cases/DES/DES Login

21-10-2025T18:06:54 - [TEST_STEP][PASSED] - openBrowser(""): Browser is opened with url: ''

21-10-2025T18:06:54 - [MESSAGE][INFO] - Starting 'Chrome' driver

21-10-2025T18:06:54 - [MESSAGE][INFO] - User set preference: ['args', '[--no-sandbox, --disable-gpu, --disable-dev-shm-usage]']

21-10-2025T18:06:54 - [MESSAGE][INFO] - Action delay is set to 0 milliseconds

21-10-2025T18:06:55 - [MESSAGE][PASSED] - Browser is opened with url: ''

21-10-2025T18:06:55 - [TEST_STEP][PASSED] - maximizeWindow(): Current window maximized

21-10-2025T18:06:55 - [MESSAGE][PASSED] - Current window maximized

21-10-2025T18:06:55 - [TEST_STEP][PASSED] - delay(10): Delayed 10 second(s)

21-10-2025T18:07:05 - [MESSAGE][PASSED] - Delayed 10 second(s)

21-10-2025T18:07:05 - [TEST_STEP][PASSED] - navigateToUrl("https://dx-portal.qa.thekag.com/"): Navigate to 'https://dx-portal.qa.thekag.com/' successfully

21-10-2025T18:07:06 - [MESSAGE][PASSED] - Navigate to 'https://dx-portal.qa.thekag.com/' successfully

21-10-2025T18:07:06 - [TEST_STEP][PASSED] - delay(5): Delayed 5 second(s)

21-10-2025T18:07:11 - [MESSAGE][PASSED] - Delayed 5 second(s)

21-10-2025T18:07:11 - [TEST_STEP][PASSED] - setText(findTestObject("Object Repository/Page_IdentityServer4/input_Username (e.g. email address)_Username"), "Chris.Sheldon+DES_QA@Thekag.com"): Text 'Chris.Sheldon+DES_QA@Thekag.com' is set on object 'Object Repository/Page_IdentityServer4/input_Username (e.g. email address)_Username'

21-10-2025T18:07:11 - [MESSAGE][PASSED] - Text 'Chris.Sheldon+DES_QA@Thekag.com' is set on object 'Object Repository/Page_IdentityServer4/input_Username (e.g. email address)_Username'

21-10-2025T18:07:11 - [TEST_STEP][PASSED] - setEncryptedText(findTestObject("Page_IdentityServer4/input_Password_Password"), "BtpyPJuZxPz9EFo3Zi2c4Q=="): Text ****** has been set on object 'Object Repository/Page_IdentityServer4/input_Password_Password'

21-10-2025T18:07:11 - [MESSAGE][PASSED] - Text ****** has been set on object 'Object Repository/Page_IdentityServer4/input_Password_Password'

21-10-2025T18:07:11 - [TEST_STEP][PASSED] - click(findTestObject("Object Repository/Page_IdentityServer4/button_Login")): Object: 'Object Repository/Page_IdentityServer4/button_Login' is clicked on

21-10-2025T18:07:11 - [MESSAGE][PASSED] - Object: 'Object Repository/Page_IdentityServer4/button_Login' is clicked on

21-10-2025T18:07:11 - [TEST_STEP][PASSED] - delay(5): Delayed 5 second(s)

21-10-2025T18:07:16 - [MESSAGE][PASSED] - Delayed 5 second(s)

21-10-2025T18:07:16 - [MESSAGE][PASSED] - Call Test Case 'Test Cases/DES/DES Login' successfully

21-10-2025T18:07:16 - [TEST_STEP][PASSED] - navigateToUrl(BatchReprocessPageURL): Navigate to 'https://dx-portal.qa.thekag.com/admin/orderbatchreprocess' successfully

21-10-2025T18:07:17 - [MESSAGE][PASSED] - Navigate to 'https://dx-portal.qa.thekag.com/admin/orderbatchreprocess' successfully

21-10-2025T18:07:17 - [TEST_STEP][PASSED] - delay(5): Delayed 5 second(s)

21-10-2025T18:07:22 - [MESSAGE][PASSED] - Delayed 5 second(s)

21-10-2025T18:07:22 - [TEST_STEP][PASSED] - click(findTestObject("DES/Batch Reprocess Page/Transaction Type_dropdown")): Object: 'Object Repository/DES/Batch Reprocess Page/Transaction Type_dropdown' is clicked on

21-10-2025T18:07:22 - [MESSAGE][PASSED] - Object: 'Object Repository/DES/Batch Reprocess Page/Transaction Type_dropdown' is clicked on

21-10-2025T18:07:22 - [TEST_STEP][PASSED] - click(findTestObject("DES/Batch Reprocess Page/Transaction Type_INV")): Object: 'Object Repository/DES/Batch Reprocess Page/Transaction Type_INV' is clicked on

21-10-2025T18:07:22 - [MESSAGE][PASSED] - Object: 'Object Repository/DES/Batch Reprocess Page/Transaction Type_INV' is clicked on

21-10-2025T18:07:22 - [TEST_STEP][PASSED] - delay(3): Delayed 3 second(s)

21-10-2025T18:07:25 - [MESSAGE][PASSED] - Delayed 3 second(s)

21-10-2025T18:07:25 - [TEST_STEP][PASSED] - click(findTestObject("DES/Batch Reprocess Page/Division_dropdown")): Object: 'Object Repository/DES/Batch Reprocess Page/Division_dropdown' is clicked on

21-10-2025T18:07:25 - [MESSAGE][PASSED] - Object: 'Object Repository/DES/Batch Reprocess Page/Division_dropdown' is clicked on

21-10-2025T18:07:25 - [TEST_STEP][PASSED] - click(findTestObject("DES/Batch Reprocess Page/Division_FDG")): Object: 'Object Repository/DES/Batch Reprocess Page/Division_FDG' is clicked on

21-10-2025T18:07:25 - [MESSAGE][PASSED] - Object: 'Object Repository/DES/Batch Reprocess Page/Division_FDG' is clicked on

21-10-2025T18:07:25 - [TEST_STEP][PASSED] - delay(2): Delayed 2 second(s)

21-10-2025T18:07:27 - [MESSAGE][PASSED] - Delayed 2 second(s)

21-10-2025T18:07:27 - [TEST_STEP][PASSED] - verifyTextPresent("FDG - Fuels Delivery Group", false): Text 'FDG - Fuels Delivery Group' is present on page 

21-10-2025T18:07:27 - [MESSAGE][PASSED] - Text 'FDG - Fuels Delivery Group' is present on page 

21-10-2025T18:07:27 - [TEST_STEP][PASSED] - closeBrowser(): Browser is closed

21-10-2025T18:07:27 - [MESSAGE][PASSED] - Browser is closed

21-10-2025T18:07:27 - [TEST_STEP][PASSED] - Start listener action : retryOnDisconnect: null

21-10-2025T18:07:27 - [TEST_STEP][PASSED] - tcId = testCaseContext.getTestCaseId(): null

21-10-2025T18:07:27 - [TEST_STEP][PASSED] - currentRetry = retryCounts.getOrDefault(tcId, 0): null

21-10-2025T18:07:27 - [TEST_STEP][PASSED] - if (testCaseContext.getTestCaseStatus() == "FAILED" && currentRetry < MAX_RETRIES): null]]></system-out>
         <system-err><![CDATA[]]></system-err>
      </testcase>
      <testcase name="Test Cases/DES/Batch Reprocess Page/SelectDivisionKgl" time="33.394" classname="Test Cases/DES/Batch Reprocess Page/SelectDivisionKgl" status="PASSED">
         <system-out><![CDATA[21-10-2025T18:07:27 - [TEST_CASE][PASSED] - Test Cases/DES/Batch Reprocess Page/SelectDivisionKgl: Test Cases/DES/Batch Reprocess Page/SelectDivisionKgl

21-10-2025T18:07:27 - [TEST_STEP][PASSED] - Start listener action : beforeTestCase: null

21-10-2025T18:07:27 - [TEST_STEP][PASSED] - addDefaultPackages(): null

21-10-2025T18:07:27 - [TEST_STEP][PASSED] - callTestCase(findTestCase("DES/DES Login"), [:], STOP_ON_FAILURE): Call Test Case 'Test Cases/DES/DES Login' successfully

21-10-2025T18:07:27 - [TEST_CASE][PASSED] - Test Cases/DES/DES Login: Test Cases/DES/DES Login

21-10-2025T18:07:27 - [TEST_STEP][PASSED] - openBrowser(""): Browser is opened with url: ''

21-10-2025T18:07:27 - [MESSAGE][INFO] - Starting 'Chrome' driver

21-10-2025T18:07:27 - [MESSAGE][INFO] - User set preference: ['args', '[--no-sandbox, --disable-gpu, --disable-dev-shm-usage]']

21-10-2025T18:07:27 - [MESSAGE][INFO] - Action delay is set to 0 milliseconds

21-10-2025T18:07:28 - [MESSAGE][PASSED] - Browser is opened with url: ''

21-10-2025T18:07:28 - [TEST_STEP][PASSED] - maximizeWindow(): Current window maximized

21-10-2025T18:07:28 - [MESSAGE][PASSED] - Current window maximized

21-10-2025T18:07:28 - [TEST_STEP][PASSED] - delay(10): Delayed 10 second(s)

21-10-2025T18:07:38 - [MESSAGE][PASSED] - Delayed 10 second(s)

21-10-2025T18:07:38 - [TEST_STEP][PASSED] - navigateToUrl("https://dx-portal.qa.thekag.com/"): Navigate to 'https://dx-portal.qa.thekag.com/' successfully

21-10-2025T18:07:39 - [MESSAGE][PASSED] - Navigate to 'https://dx-portal.qa.thekag.com/' successfully

21-10-2025T18:07:39 - [TEST_STEP][PASSED] - delay(5): Delayed 5 second(s)

21-10-2025T18:07:44 - [MESSAGE][PASSED] - Delayed 5 second(s)

21-10-2025T18:07:44 - [TEST_STEP][PASSED] - setText(findTestObject("Object Repository/Page_IdentityServer4/input_Username (e.g. email address)_Username"), "Chris.Sheldon+DES_QA@Thekag.com"): Text 'Chris.Sheldon+DES_QA@Thekag.com' is set on object 'Object Repository/Page_IdentityServer4/input_Username (e.g. email address)_Username'

21-10-2025T18:07:44 - [MESSAGE][PASSED] - Text 'Chris.Sheldon+DES_QA@Thekag.com' is set on object 'Object Repository/Page_IdentityServer4/input_Username (e.g. email address)_Username'

21-10-2025T18:07:44 - [TEST_STEP][PASSED] - setEncryptedText(findTestObject("Page_IdentityServer4/input_Password_Password"), "BtpyPJuZxPz9EFo3Zi2c4Q=="): Text ****** has been set on object 'Object Repository/Page_IdentityServer4/input_Password_Password'

21-10-2025T18:07:44 - [MESSAGE][PASSED] - Text ****** has been set on object 'Object Repository/Page_IdentityServer4/input_Password_Password'

21-10-2025T18:07:44 - [TEST_STEP][PASSED] - click(findTestObject("Object Repository/Page_IdentityServer4/button_Login")): Object: 'Object Repository/Page_IdentityServer4/button_Login' is clicked on

21-10-2025T18:07:45 - [MESSAGE][PASSED] - Object: 'Object Repository/Page_IdentityServer4/button_Login' is clicked on

21-10-2025T18:07:45 - [TEST_STEP][PASSED] - delay(5): Delayed 5 second(s)

21-10-2025T18:07:50 - [MESSAGE][PASSED] - Delayed 5 second(s)

21-10-2025T18:07:50 - [MESSAGE][PASSED] - Call Test Case 'Test Cases/DES/DES Login' successfully

21-10-2025T18:07:50 - [TEST_STEP][PASSED] - navigateToUrl(BatchReprocessPageURL): Navigate to 'https://dx-portal.qa.thekag.com/admin/orderbatchreprocess' successfully

21-10-2025T18:07:50 - [MESSAGE][PASSED] - Navigate to 'https://dx-portal.qa.thekag.com/admin/orderbatchreprocess' successfully

21-10-2025T18:07:50 - [TEST_STEP][PASSED] - delay(5): Delayed 5 second(s)

21-10-2025T18:07:55 - [MESSAGE][PASSED] - Delayed 5 second(s)

21-10-2025T18:07:55 - [TEST_STEP][PASSED] - click(findTestObject("DES/Batch Reprocess Page/Transaction Type_dropdown")): Object: 'Object Repository/DES/Batch Reprocess Page/Transaction Type_dropdown' is clicked on

21-10-2025T18:07:55 - [MESSAGE][PASSED] - Object: 'Object Repository/DES/Batch Reprocess Page/Transaction Type_dropdown' is clicked on

21-10-2025T18:07:55 - [TEST_STEP][PASSED] - click(findTestObject("DES/Batch Reprocess Page/Transaction Type_INV")): Object: 'Object Repository/DES/Batch Reprocess Page/Transaction Type_INV' is clicked on

21-10-2025T18:07:55 - [MESSAGE][PASSED] - Object: 'Object Repository/DES/Batch Reprocess Page/Transaction Type_INV' is clicked on

21-10-2025T18:07:55 - [TEST_STEP][PASSED] - delay(3): Delayed 3 second(s)

21-10-2025T18:07:58 - [MESSAGE][PASSED] - Delayed 3 second(s)

21-10-2025T18:07:58 - [TEST_STEP][PASSED] - click(findTestObject("DES/Batch Reprocess Page/Division_dropdown")): Object: 'Object Repository/DES/Batch Reprocess Page/Division_dropdown' is clicked on

21-10-2025T18:07:58 - [MESSAGE][PASSED] - Object: 'Object Repository/DES/Batch Reprocess Page/Division_dropdown' is clicked on

21-10-2025T18:07:58 - [TEST_STEP][PASSED] - click(findTestObject("DES/Batch Reprocess Page/Division_KGL")): Object: 'Object Repository/DES/Batch Reprocess Page/Division_KGL' is clicked on

21-10-2025T18:07:58 - [MESSAGE][PASSED] - Object: 'Object Repository/DES/Batch Reprocess Page/Division_KGL' is clicked on

21-10-2025T18:07:58 - [TEST_STEP][PASSED] - delay(1): Delayed 1 second(s)

21-10-2025T18:07:59 - [MESSAGE][PASSED] - Delayed 1 second(s)

21-10-2025T18:07:59 - [TEST_STEP][PASSED] - verifyTextPresent("KGL - KAG Logistics", false): Text 'KGL - KAG Logistics' is present on page 

21-10-2025T18:07:59 - [MESSAGE][PASSED] - Text 'KGL - KAG Logistics' is present on page 

21-10-2025T18:07:59 - [TEST_STEP][PASSED] - delay(1): Delayed 1 second(s)

21-10-2025T18:08:00 - [MESSAGE][PASSED] - Delayed 1 second(s)

21-10-2025T18:08:00 - [TEST_STEP][PASSED] - closeBrowser(): Browser is closed

21-10-2025T18:08:01 - [MESSAGE][PASSED] - Browser is closed

21-10-2025T18:08:01 - [TEST_STEP][PASSED] - Start listener action : retryOnDisconnect: null

21-10-2025T18:08:01 - [TEST_STEP][PASSED] - tcId = testCaseContext.getTestCaseId(): null

21-10-2025T18:08:01 - [TEST_STEP][PASSED] - currentRetry = retryCounts.getOrDefault(tcId, 0): null

21-10-2025T18:08:01 - [TEST_STEP][PASSED] - if (testCaseContext.getTestCaseStatus() == "FAILED" && currentRetry < MAX_RETRIES): null]]></system-out>
         <system-err><![CDATA[]]></system-err>
      </testcase>
      <testcase name="Test Cases/DES/Batch Reprocess Page/SelectDivisionPdi" time="33.154" classname="Test Cases/DES/Batch Reprocess Page/SelectDivisionPdi" status="PASSED">
         <system-out><![CDATA[21-10-2025T18:08:01 - [TEST_CASE][PASSED] - Test Cases/DES/Batch Reprocess Page/SelectDivisionPdi: Test Cases/DES/Batch Reprocess Page/SelectDivisionPdi

21-10-2025T18:08:01 - [TEST_STEP][PASSED] - Start listener action : beforeTestCase: null

21-10-2025T18:08:01 - [TEST_STEP][PASSED] - addDefaultPackages(): null

21-10-2025T18:08:01 - [TEST_STEP][PASSED] - callTestCase(findTestCase("DES/DES Login"), [:], STOP_ON_FAILURE): Call Test Case 'Test Cases/DES/DES Login' successfully

21-10-2025T18:08:01 - [TEST_CASE][PASSED] - Test Cases/DES/DES Login: Test Cases/DES/DES Login

21-10-2025T18:08:01 - [TEST_STEP][PASSED] - openBrowser(""): Browser is opened with url: ''

21-10-2025T18:08:01 - [MESSAGE][INFO] - Starting 'Chrome' driver

21-10-2025T18:08:01 - [MESSAGE][INFO] - User set preference: ['args', '[--no-sandbox, --disable-gpu, --disable-dev-shm-usage]']

21-10-2025T18:08:01 - [MESSAGE][INFO] - Action delay is set to 0 milliseconds

21-10-2025T18:08:02 - [MESSAGE][PASSED] - Browser is opened with url: ''

21-10-2025T18:08:02 - [TEST_STEP][PASSED] - maximizeWindow(): Current window maximized

21-10-2025T18:08:02 - [MESSAGE][PASSED] - Current window maximized

21-10-2025T18:08:02 - [TEST_STEP][PASSED] - delay(10): Delayed 10 second(s)

21-10-2025T18:08:12 - [MESSAGE][PASSED] - Delayed 10 second(s)

21-10-2025T18:08:12 - [TEST_STEP][PASSED] - navigateToUrl("https://dx-portal.qa.thekag.com/"): Navigate to 'https://dx-portal.qa.thekag.com/' successfully

21-10-2025T18:08:12 - [MESSAGE][PASSED] - Navigate to 'https://dx-portal.qa.thekag.com/' successfully

21-10-2025T18:08:12 - [TEST_STEP][PASSED] - delay(5): Delayed 5 second(s)

21-10-2025T18:08:17 - [MESSAGE][PASSED] - Delayed 5 second(s)

21-10-2025T18:08:17 - [TEST_STEP][PASSED] - setText(findTestObject("Object Repository/Page_IdentityServer4/input_Username (e.g. email address)_Username"), "Chris.Sheldon+DES_QA@Thekag.com"): Text 'Chris.Sheldon+DES_QA@Thekag.com' is set on object 'Object Repository/Page_IdentityServer4/input_Username (e.g. email address)_Username'

21-10-2025T18:08:17 - [MESSAGE][PASSED] - Text 'Chris.Sheldon+DES_QA@Thekag.com' is set on object 'Object Repository/Page_IdentityServer4/input_Username (e.g. email address)_Username'

21-10-2025T18:08:17 - [TEST_STEP][PASSED] - setEncryptedText(findTestObject("Page_IdentityServer4/input_Password_Password"), "BtpyPJuZxPz9EFo3Zi2c4Q=="): Text ****** has been set on object 'Object Repository/Page_IdentityServer4/input_Password_Password'

21-10-2025T18:08:18 - [MESSAGE][PASSED] - Text ****** has been set on object 'Object Repository/Page_IdentityServer4/input_Password_Password'

21-10-2025T18:08:18 - [TEST_STEP][PASSED] - click(findTestObject("Object Repository/Page_IdentityServer4/button_Login")): Object: 'Object Repository/Page_IdentityServer4/button_Login' is clicked on

21-10-2025T18:08:18 - [MESSAGE][PASSED] - Object: 'Object Repository/Page_IdentityServer4/button_Login' is clicked on

21-10-2025T18:08:18 - [TEST_STEP][PASSED] - delay(5): Delayed 5 second(s)

21-10-2025T18:08:23 - [MESSAGE][PASSED] - Delayed 5 second(s)

21-10-2025T18:08:23 - [MESSAGE][PASSED] - Call Test Case 'Test Cases/DES/DES Login' successfully

21-10-2025T18:08:23 - [TEST_STEP][PASSED] - navigateToUrl(BatchReprocessPageURL): Navigate to 'https://dx-portal.qa.thekag.com/admin/orderbatchreprocess' successfully

21-10-2025T18:08:23 - [MESSAGE][PASSED] - Navigate to 'https://dx-portal.qa.thekag.com/admin/orderbatchreprocess' successfully

21-10-2025T18:08:23 - [TEST_STEP][PASSED] - delay(5): Delayed 5 second(s)

21-10-2025T18:08:28 - [MESSAGE][PASSED] - Delayed 5 second(s)

21-10-2025T18:08:28 - [TEST_STEP][PASSED] - click(findTestObject("DES/Batch Reprocess Page/Transaction Type_dropdown")): Object: 'Object Repository/DES/Batch Reprocess Page/Transaction Type_dropdown' is clicked on

21-10-2025T18:08:28 - [MESSAGE][PASSED] - Object: 'Object Repository/DES/Batch Reprocess Page/Transaction Type_dropdown' is clicked on

21-10-2025T18:08:28 - [TEST_STEP][PASSED] - click(findTestObject("DES/Batch Reprocess Page/Transaction Type_INV")): Object: 'Object Repository/DES/Batch Reprocess Page/Transaction Type_INV' is clicked on

21-10-2025T18:08:28 - [MESSAGE][PASSED] - Object: 'Object Repository/DES/Batch Reprocess Page/Transaction Type_INV' is clicked on

21-10-2025T18:08:28 - [TEST_STEP][PASSED] - delay(3): Delayed 3 second(s)

21-10-2025T18:08:31 - [MESSAGE][PASSED] - Delayed 3 second(s)

21-10-2025T18:08:31 - [TEST_STEP][PASSED] - click(findTestObject("DES/Batch Reprocess Page/Division_dropdown")): Object: 'Object Repository/DES/Batch Reprocess Page/Division_dropdown' is clicked on

21-10-2025T18:08:31 - [MESSAGE][PASSED] - Object: 'Object Repository/DES/Batch Reprocess Page/Division_dropdown' is clicked on

21-10-2025T18:08:31 - [TEST_STEP][PASSED] - click(findTestObject("DES/Batch Reprocess Page/Division_PDI")): Object: 'Object Repository/DES/Batch Reprocess Page/Division_PDI' is clicked on

21-10-2025T18:08:32 - [MESSAGE][PASSED] - Object: 'Object Repository/DES/Batch Reprocess Page/Division_PDI' is clicked on

21-10-2025T18:08:32 - [TEST_STEP][PASSED] - delay(1): Delayed 1 second(s)

21-10-2025T18:08:33 - [MESSAGE][PASSED] - Delayed 1 second(s)

21-10-2025T18:08:33 - [TEST_STEP][PASSED] - verifyTextPresent("PDI - PDI", false): Text 'PDI - PDI' is present on page 

21-10-2025T18:08:33 - [MESSAGE][PASSED] - Text 'PDI - PDI' is present on page 

21-10-2025T18:08:33 - [TEST_STEP][PASSED] - delay(1): Delayed 1 second(s)

21-10-2025T18:08:34 - [MESSAGE][PASSED] - Delayed 1 second(s)

21-10-2025T18:08:34 - [TEST_STEP][PASSED] - closeBrowser(): Browser is closed

21-10-2025T18:08:34 - [MESSAGE][PASSED] - Browser is closed

21-10-2025T18:08:34 - [TEST_STEP][PASSED] - Start listener action : retryOnDisconnect: null

21-10-2025T18:08:34 - [TEST_STEP][PASSED] - tcId = testCaseContext.getTestCaseId(): null

21-10-2025T18:08:34 - [TEST_STEP][PASSED] - currentRetry = retryCounts.getOrDefault(tcId, 0): null

21-10-2025T18:08:34 - [TEST_STEP][PASSED] - if (testCaseContext.getTestCaseStatus() == "FAILED" && currentRetry < MAX_RETRIES): null]]></system-out>
         <system-err><![CDATA[]]></system-err>
      </testcase>
      <testcase name="Test Cases/DES/Batch Reprocess Page/SelectDivisionSpg" time="33.173" classname="Test Cases/DES/Batch Reprocess Page/SelectDivisionSpg" status="PASSED">
         <system-out><![CDATA[21-10-2025T18:08:34 - [TEST_CASE][PASSED] - Test Cases/DES/Batch Reprocess Page/SelectDivisionSpg: Test Cases/DES/Batch Reprocess Page/SelectDivisionSpg

21-10-2025T18:08:34 - [TEST_STEP][PASSED] - Start listener action : beforeTestCase: null

21-10-2025T18:08:34 - [TEST_STEP][PASSED] - addDefaultPackages(): null

21-10-2025T18:08:34 - [TEST_STEP][PASSED] - callTestCase(findTestCase("DES/DES Login"), [:], STOP_ON_FAILURE): Call Test Case 'Test Cases/DES/DES Login' successfully

21-10-2025T18:08:34 - [TEST_CASE][PASSED] - Test Cases/DES/DES Login: Test Cases/DES/DES Login

21-10-2025T18:08:34 - [TEST_STEP][PASSED] - openBrowser(""): Browser is opened with url: ''

21-10-2025T18:08:34 - [MESSAGE][INFO] - Starting 'Chrome' driver

21-10-2025T18:08:34 - [MESSAGE][INFO] - User set preference: ['args', '[--no-sandbox, --disable-gpu, --disable-dev-shm-usage]']

21-10-2025T18:08:34 - [MESSAGE][INFO] - Action delay is set to 0 milliseconds

21-10-2025T18:08:35 - [MESSAGE][PASSED] - Browser is opened with url: ''

21-10-2025T18:08:35 - [TEST_STEP][PASSED] - maximizeWindow(): Current window maximized

21-10-2025T18:08:35 - [MESSAGE][PASSED] - Current window maximized

21-10-2025T18:08:35 - [TEST_STEP][PASSED] - delay(10): Delayed 10 second(s)

21-10-2025T18:08:45 - [MESSAGE][PASSED] - Delayed 10 second(s)

21-10-2025T18:08:45 - [TEST_STEP][PASSED] - navigateToUrl("https://dx-portal.qa.thekag.com/"): Navigate to 'https://dx-portal.qa.thekag.com/' successfully

21-10-2025T18:08:46 - [MESSAGE][PASSED] - Navigate to 'https://dx-portal.qa.thekag.com/' successfully

21-10-2025T18:08:46 - [TEST_STEP][PASSED] - delay(5): Delayed 5 second(s)

21-10-2025T18:08:51 - [MESSAGE][PASSED] - Delayed 5 second(s)

21-10-2025T18:08:51 - [TEST_STEP][PASSED] - setText(findTestObject("Object Repository/Page_IdentityServer4/input_Username (e.g. email address)_Username"), "Chris.Sheldon+DES_QA@Thekag.com"): Text 'Chris.Sheldon+DES_QA@Thekag.com' is set on object 'Object Repository/Page_IdentityServer4/input_Username (e.g. email address)_Username'

21-10-2025T18:08:51 - [MESSAGE][PASSED] - Text 'Chris.Sheldon+DES_QA@Thekag.com' is set on object 'Object Repository/Page_IdentityServer4/input_Username (e.g. email address)_Username'

21-10-2025T18:08:51 - [TEST_STEP][PASSED] - setEncryptedText(findTestObject("Page_IdentityServer4/input_Password_Password"), "BtpyPJuZxPz9EFo3Zi2c4Q=="): Text ****** has been set on object 'Object Repository/Page_IdentityServer4/input_Password_Password'

21-10-2025T18:08:51 - [MESSAGE][PASSED] - Text ****** has been set on object 'Object Repository/Page_IdentityServer4/input_Password_Password'

21-10-2025T18:08:51 - [TEST_STEP][PASSED] - click(findTestObject("Object Repository/Page_IdentityServer4/button_Login")): Object: 'Object Repository/Page_IdentityServer4/button_Login' is clicked on

21-10-2025T18:08:51 - [MESSAGE][PASSED] - Object: 'Object Repository/Page_IdentityServer4/button_Login' is clicked on

21-10-2025T18:08:51 - [TEST_STEP][PASSED] - delay(5): Delayed 5 second(s)

21-10-2025T18:08:56 - [MESSAGE][PASSED] - Delayed 5 second(s)

21-10-2025T18:08:56 - [MESSAGE][PASSED] - Call Test Case 'Test Cases/DES/DES Login' successfully

21-10-2025T18:08:56 - [TEST_STEP][PASSED] - navigateToUrl(BatchReprocessPageURL): Navigate to 'https://dx-portal.qa.thekag.com/admin/orderbatchreprocess' successfully

21-10-2025T18:08:56 - [MESSAGE][PASSED] - Navigate to 'https://dx-portal.qa.thekag.com/admin/orderbatchreprocess' successfully

21-10-2025T18:08:56 - [TEST_STEP][PASSED] - delay(5): Delayed 5 second(s)

21-10-2025T18:09:01 - [MESSAGE][PASSED] - Delayed 5 second(s)

21-10-2025T18:09:01 - [TEST_STEP][PASSED] - click(findTestObject("DES/Batch Reprocess Page/Transaction Type_dropdown")): Object: 'Object Repository/DES/Batch Reprocess Page/Transaction Type_dropdown' is clicked on

21-10-2025T18:09:01 - [MESSAGE][PASSED] - Object: 'Object Repository/DES/Batch Reprocess Page/Transaction Type_dropdown' is clicked on

21-10-2025T18:09:01 - [TEST_STEP][PASSED] - click(findTestObject("DES/Batch Reprocess Page/Transaction Type_INV")): Object: 'Object Repository/DES/Batch Reprocess Page/Transaction Type_INV' is clicked on

21-10-2025T18:09:01 - [MESSAGE][PASSED] - Object: 'Object Repository/DES/Batch Reprocess Page/Transaction Type_INV' is clicked on

21-10-2025T18:09:01 - [TEST_STEP][PASSED] - delay(3): Delayed 3 second(s)

21-10-2025T18:09:04 - [MESSAGE][PASSED] - Delayed 3 second(s)

21-10-2025T18:09:04 - [TEST_STEP][PASSED] - click(findTestObject("DES/Batch Reprocess Page/Division_dropdown")): Object: 'Object Repository/DES/Batch Reprocess Page/Division_dropdown' is clicked on

21-10-2025T18:09:05 - [MESSAGE][PASSED] - Object: 'Object Repository/DES/Batch Reprocess Page/Division_dropdown' is clicked on

21-10-2025T18:09:05 - [TEST_STEP][PASSED] - click(findTestObject("DES/Batch Reprocess Page/Division_SPG")): Object: 'Object Repository/DES/Batch Reprocess Page/Division_SPG' is clicked on

21-10-2025T18:09:05 - [MESSAGE][PASSED] - Object: 'Object Repository/DES/Batch Reprocess Page/Division_SPG' is clicked on

21-10-2025T18:09:05 - [TEST_STEP][PASSED] - delay(2): Delayed 2 second(s)

21-10-2025T18:09:07 - [MESSAGE][PASSED] - Delayed 2 second(s)

21-10-2025T18:09:07 - [TEST_STEP][PASSED] - verifyTextPresent("SPG - Special Products Group", false): Text 'SPG - Special Products Group' is present on page 

21-10-2025T18:09:07 - [MESSAGE][PASSED] - Text 'SPG - Special Products Group' is present on page 

21-10-2025T18:09:07 - [TEST_STEP][PASSED] - closeBrowser(): Browser is closed

21-10-2025T18:09:07 - [MESSAGE][PASSED] - Browser is closed

21-10-2025T18:09:07 - [TEST_STEP][PASSED] - Start listener action : retryOnDisconnect: null

21-10-2025T18:09:07 - [TEST_STEP][PASSED] - tcId = testCaseContext.getTestCaseId(): null

21-10-2025T18:09:07 - [TEST_STEP][PASSED] - currentRetry = retryCounts.getOrDefault(tcId, 0): null

21-10-2025T18:09:07 - [TEST_STEP][PASSED] - if (testCaseContext.getTestCaseStatus() == "FAILED" && currentRetry < MAX_RETRIES): null]]></system-out>
         <system-err><![CDATA[]]></system-err>
      </testcase>
      <testcase name="Test Cases/DES/Batch Reprocess Page/SelectTransTypeFIN-ACC" time="30.196" classname="Test Cases/DES/Batch Reprocess Page/SelectTransTypeFIN-ACC" status="PASSED">
         <system-out><![CDATA[21-10-2025T18:09:07 - [TEST_CASE][PASSED] - Test Cases/DES/Batch Reprocess Page/SelectTransTypeFIN-ACC: Test Cases/DES/Batch Reprocess Page/SelectTransTypeFIN-ACC

21-10-2025T18:09:07 - [TEST_STEP][PASSED] - Start listener action : beforeTestCase: null

21-10-2025T18:09:07 - [TEST_STEP][PASSED] - addDefaultPackages(): null

21-10-2025T18:09:07 - [TEST_STEP][PASSED] - callTestCase(findTestCase("DES/DES Login"), [:], STOP_ON_FAILURE): Call Test Case 'Test Cases/DES/DES Login' successfully

21-10-2025T18:09:07 - [TEST_CASE][PASSED] - Test Cases/DES/DES Login: Test Cases/DES/DES Login

21-10-2025T18:09:07 - [TEST_STEP][PASSED] - openBrowser(""): Browser is opened with url: ''

21-10-2025T18:09:07 - [MESSAGE][INFO] - Starting 'Chrome' driver

21-10-2025T18:09:07 - [MESSAGE][INFO] - User set preference: ['args', '[--no-sandbox, --disable-gpu, --disable-dev-shm-usage]']

21-10-2025T18:09:07 - [MESSAGE][INFO] - Action delay is set to 0 milliseconds

21-10-2025T18:09:08 - [MESSAGE][PASSED] - Browser is opened with url: ''

21-10-2025T18:09:08 - [TEST_STEP][PASSED] - maximizeWindow(): Current window maximized

21-10-2025T18:09:08 - [MESSAGE][PASSED] - Current window maximized

21-10-2025T18:09:08 - [TEST_STEP][PASSED] - delay(10): Delayed 10 second(s)

21-10-2025T18:09:18 - [MESSAGE][PASSED] - Delayed 10 second(s)

21-10-2025T18:09:18 - [TEST_STEP][PASSED] - navigateToUrl("https://dx-portal.qa.thekag.com/"): Navigate to 'https://dx-portal.qa.thekag.com/' successfully

21-10-2025T18:09:19 - [MESSAGE][PASSED] - Navigate to 'https://dx-portal.qa.thekag.com/' successfully

21-10-2025T18:09:19 - [TEST_STEP][PASSED] - delay(5): Delayed 5 second(s)

21-10-2025T18:09:24 - [MESSAGE][PASSED] - Delayed 5 second(s)

21-10-2025T18:09:24 - [TEST_STEP][PASSED] - setText(findTestObject("Object Repository/Page_IdentityServer4/input_Username (e.g. email address)_Username"), "Chris.Sheldon+DES_QA@Thekag.com"): Text 'Chris.Sheldon+DES_QA@Thekag.com' is set on object 'Object Repository/Page_IdentityServer4/input_Username (e.g. email address)_Username'

21-10-2025T18:09:24 - [MESSAGE][PASSED] - Text 'Chris.Sheldon+DES_QA@Thekag.com' is set on object 'Object Repository/Page_IdentityServer4/input_Username (e.g. email address)_Username'

21-10-2025T18:09:24 - [TEST_STEP][PASSED] - setEncryptedText(findTestObject("Page_IdentityServer4/input_Password_Password"), "BtpyPJuZxPz9EFo3Zi2c4Q=="): Text ****** has been set on object 'Object Repository/Page_IdentityServer4/input_Password_Password'

21-10-2025T18:09:24 - [MESSAGE][PASSED] - Text ****** has been set on object 'Object Repository/Page_IdentityServer4/input_Password_Password'

21-10-2025T18:09:24 - [TEST_STEP][PASSED] - click(findTestObject("Object Repository/Page_IdentityServer4/button_Login")): Object: 'Object Repository/Page_IdentityServer4/button_Login' is clicked on

21-10-2025T18:09:24 - [MESSAGE][PASSED] - Object: 'Object Repository/Page_IdentityServer4/button_Login' is clicked on

21-10-2025T18:09:24 - [TEST_STEP][PASSED] - delay(5): Delayed 5 second(s)

21-10-2025T18:09:29 - [MESSAGE][PASSED] - Delayed 5 second(s)

21-10-2025T18:09:29 - [MESSAGE][PASSED] - Call Test Case 'Test Cases/DES/DES Login' successfully

21-10-2025T18:09:29 - [TEST_STEP][PASSED] - navigateToUrl(BatchReprocessPageURL): Navigate to 'https://dx-portal.qa.thekag.com/admin/orderbatchreprocess' successfully

21-10-2025T18:09:30 - [MESSAGE][PASSED] - Navigate to 'https://dx-portal.qa.thekag.com/admin/orderbatchreprocess' successfully

21-10-2025T18:09:30 - [TEST_STEP][PASSED] - delay(5): Delayed 5 second(s)

21-10-2025T18:09:35 - [MESSAGE][PASSED] - Delayed 5 second(s)

21-10-2025T18:09:35 - [TEST_STEP][PASSED] - click(findTestObject("DES/Batch Reprocess Page/Transaction Type_dropdown")): Object: 'Object Repository/DES/Batch Reprocess Page/Transaction Type_dropdown' is clicked on

21-10-2025T18:09:35 - [MESSAGE][PASSED] - Object: 'Object Repository/DES/Batch Reprocess Page/Transaction Type_dropdown' is clicked on

21-10-2025T18:09:35 - [TEST_STEP][PASSED] - click(findTestObject("DES/Batch Reprocess Page/Transaction Type_FIN-ACC")): Object: 'Object Repository/DES/Batch Reprocess Page/Transaction Type_FIN-ACC' is clicked on

21-10-2025T18:09:35 - [MESSAGE][PASSED] - Object: 'Object Repository/DES/Batch Reprocess Page/Transaction Type_FIN-ACC' is clicked on

21-10-2025T18:09:35 - [TEST_STEP][PASSED] - delay(1): Delayed 1 second(s)

21-10-2025T18:09:36 - [MESSAGE][PASSED] - Delayed 1 second(s)

21-10-2025T18:09:36 - [TEST_STEP][PASSED] - verifyTextPresent("FIN-ACC", false): Text 'FIN-ACC' is present on page 

21-10-2025T18:09:36 - [MESSAGE][PASSED] - Text 'FIN-ACC' is present on page 

21-10-2025T18:09:36 - [TEST_STEP][PASSED] - delay(1): Delayed 1 second(s)

21-10-2025T18:09:37 - [MESSAGE][PASSED] - Delayed 1 second(s)

21-10-2025T18:09:37 - [TEST_STEP][PASSED] - closeBrowser(): Browser is closed

21-10-2025T18:09:37 - [MESSAGE][PASSED] - Browser is closed

21-10-2025T18:09:37 - [TEST_STEP][PASSED] - Start listener action : retryOnDisconnect: null

21-10-2025T18:09:37 - [TEST_STEP][PASSED] - tcId = testCaseContext.getTestCaseId(): null

21-10-2025T18:09:37 - [TEST_STEP][PASSED] - currentRetry = retryCounts.getOrDefault(tcId, 0): null

21-10-2025T18:09:37 - [TEST_STEP][PASSED] - if (testCaseContext.getTestCaseStatus() == "FAILED" && currentRetry < MAX_RETRIES): null]]></system-out>
         <system-err><![CDATA[]]></system-err>
      </testcase>
      <testcase name="Test Cases/DES/Batch Reprocess Page/SelectTransTypeFIN-INV" time="30.053" classname="Test Cases/DES/Batch Reprocess Page/SelectTransTypeFIN-INV" status="PASSED">
         <system-out><![CDATA[21-10-2025T18:09:37 - [TEST_CASE][PASSED] - Test Cases/DES/Batch Reprocess Page/SelectTransTypeFIN-INV: Test Cases/DES/Batch Reprocess Page/SelectTransTypeFIN-INV

21-10-2025T18:09:37 - [TEST_STEP][PASSED] - Start listener action : beforeTestCase: null

21-10-2025T18:09:37 - [TEST_STEP][PASSED] - addDefaultPackages(): null

21-10-2025T18:09:37 - [TEST_STEP][PASSED] - callTestCase(findTestCase("DES/DES Login"), [:], STOP_ON_FAILURE): Call Test Case 'Test Cases/DES/DES Login' successfully

21-10-2025T18:09:37 - [TEST_CASE][PASSED] - Test Cases/DES/DES Login: Test Cases/DES/DES Login

21-10-2025T18:09:37 - [TEST_STEP][PASSED] - openBrowser(""): Browser is opened with url: ''

21-10-2025T18:09:37 - [MESSAGE][INFO] - Starting 'Chrome' driver

21-10-2025T18:09:37 - [MESSAGE][INFO] - User set preference: ['args', '[--no-sandbox, --disable-gpu, --disable-dev-shm-usage]']

21-10-2025T18:09:37 - [MESSAGE][INFO] - Action delay is set to 0 milliseconds

21-10-2025T18:09:38 - [MESSAGE][PASSED] - Browser is opened with url: ''

21-10-2025T18:09:38 - [TEST_STEP][PASSED] - maximizeWindow(): Current window maximized

21-10-2025T18:09:38 - [MESSAGE][PASSED] - Current window maximized

21-10-2025T18:09:38 - [TEST_STEP][PASSED] - delay(10): Delayed 10 second(s)

21-10-2025T18:09:48 - [MESSAGE][PASSED] - Delayed 10 second(s)

21-10-2025T18:09:48 - [TEST_STEP][PASSED] - navigateToUrl("https://dx-portal.qa.thekag.com/"): Navigate to 'https://dx-portal.qa.thekag.com/' successfully

21-10-2025T18:09:49 - [MESSAGE][PASSED] - Navigate to 'https://dx-portal.qa.thekag.com/' successfully

21-10-2025T18:09:49 - [TEST_STEP][PASSED] - delay(5): Delayed 5 second(s)

21-10-2025T18:09:54 - [MESSAGE][PASSED] - Delayed 5 second(s)

21-10-2025T18:09:54 - [TEST_STEP][PASSED] - setText(findTestObject("Object Repository/Page_IdentityServer4/input_Username (e.g. email address)_Username"), "Chris.Sheldon+DES_QA@Thekag.com"): Text 'Chris.Sheldon+DES_QA@Thekag.com' is set on object 'Object Repository/Page_IdentityServer4/input_Username (e.g. email address)_Username'

21-10-2025T18:09:54 - [MESSAGE][PASSED] - Text 'Chris.Sheldon+DES_QA@Thekag.com' is set on object 'Object Repository/Page_IdentityServer4/input_Username (e.g. email address)_Username'

21-10-2025T18:09:54 - [TEST_STEP][PASSED] - setEncryptedText(findTestObject("Page_IdentityServer4/input_Password_Password"), "BtpyPJuZxPz9EFo3Zi2c4Q=="): Text ****** has been set on object 'Object Repository/Page_IdentityServer4/input_Password_Password'

21-10-2025T18:09:54 - [MESSAGE][PASSED] - Text ****** has been set on object 'Object Repository/Page_IdentityServer4/input_Password_Password'

21-10-2025T18:09:54 - [TEST_STEP][PASSED] - click(findTestObject("Object Repository/Page_IdentityServer4/button_Login")): Object: 'Object Repository/Page_IdentityServer4/button_Login' is clicked on

21-10-2025T18:09:54 - [MESSAGE][PASSED] - Object: 'Object Repository/Page_IdentityServer4/button_Login' is clicked on

21-10-2025T18:09:54 - [TEST_STEP][PASSED] - delay(5): Delayed 5 second(s)

21-10-2025T18:09:59 - [MESSAGE][PASSED] - Delayed 5 second(s)

21-10-2025T18:09:59 - [MESSAGE][PASSED] - Call Test Case 'Test Cases/DES/DES Login' successfully

21-10-2025T18:09:59 - [TEST_STEP][PASSED] - navigateToUrl(BatchReprocessPageURL): Navigate to 'https://dx-portal.qa.thekag.com/admin/orderbatchreprocess' successfully

21-10-2025T18:10:00 - [MESSAGE][PASSED] - Navigate to 'https://dx-portal.qa.thekag.com/admin/orderbatchreprocess' successfully

21-10-2025T18:10:00 - [TEST_STEP][PASSED] - delay(5): Delayed 5 second(s)

21-10-2025T18:10:05 - [MESSAGE][PASSED] - Delayed 5 second(s)

21-10-2025T18:10:05 - [TEST_STEP][PASSED] - click(findTestObject("DES/Batch Reprocess Page/Transaction Type_dropdown")): Object: 'Object Repository/DES/Batch Reprocess Page/Transaction Type_dropdown' is clicked on

21-10-2025T18:10:05 - [MESSAGE][PASSED] - Object: 'Object Repository/DES/Batch Reprocess Page/Transaction Type_dropdown' is clicked on

21-10-2025T18:10:05 - [TEST_STEP][PASSED] - click(findTestObject("DES/Batch Reprocess Page/Transaction Type_FIN-INV")): Object: 'Object Repository/DES/Batch Reprocess Page/Transaction Type_FIN-INV' is clicked on

21-10-2025T18:10:05 - [MESSAGE][PASSED] - Object: 'Object Repository/DES/Batch Reprocess Page/Transaction Type_FIN-INV' is clicked on

21-10-2025T18:10:05 - [TEST_STEP][PASSED] - delay(1): Delayed 1 second(s)

21-10-2025T18:10:06 - [MESSAGE][PASSED] - Delayed 1 second(s)

21-10-2025T18:10:06 - [TEST_STEP][PASSED] - verifyTextPresent("FIN-INV", false): Text 'FIN-INV' is present on page 

21-10-2025T18:10:06 - [MESSAGE][PASSED] - Text 'FIN-INV' is present on page 

21-10-2025T18:10:06 - [TEST_STEP][PASSED] - delay(1): Delayed 1 second(s)

21-10-2025T18:10:07 - [MESSAGE][PASSED] - Delayed 1 second(s)

21-10-2025T18:10:07 - [TEST_STEP][PASSED] - closeBrowser(): Browser is closed

21-10-2025T18:10:07 - [MESSAGE][PASSED] - Browser is closed

21-10-2025T18:10:07 - [TEST_STEP][PASSED] - Start listener action : retryOnDisconnect: null

21-10-2025T18:10:07 - [TEST_STEP][PASSED] - tcId = testCaseContext.getTestCaseId(): null

21-10-2025T18:10:07 - [TEST_STEP][PASSED] - currentRetry = retryCounts.getOrDefault(tcId, 0): null

21-10-2025T18:10:07 - [TEST_STEP][PASSED] - if (testCaseContext.getTestCaseStatus() == "FAILED" && currentRetry < MAX_RETRIES): null]]></system-out>
         <system-err><![CDATA[]]></system-err>
      </testcase>
      <testcase name="Test Cases/DES/Batch Reprocess Page/SelectTransTypeINV" time="30.212" classname="Test Cases/DES/Batch Reprocess Page/SelectTransTypeINV" status="PASSED">
         <system-out><![CDATA[21-10-2025T18:10:07 - [TEST_CASE][PASSED] - Test Cases/DES/Batch Reprocess Page/SelectTransTypeINV: Test Cases/DES/Batch Reprocess Page/SelectTransTypeINV

21-10-2025T18:10:07 - [TEST_STEP][PASSED] - Start listener action : beforeTestCase: null

21-10-2025T18:10:07 - [TEST_STEP][PASSED] - addDefaultPackages(): null

21-10-2025T18:10:07 - [TEST_STEP][PASSED] - callTestCase(findTestCase("DES/DES Login"), [:], STOP_ON_FAILURE): Call Test Case 'Test Cases/DES/DES Login' successfully

21-10-2025T18:10:07 - [TEST_CASE][PASSED] - Test Cases/DES/DES Login: Test Cases/DES/DES Login

21-10-2025T18:10:07 - [TEST_STEP][PASSED] - openBrowser(""): Browser is opened with url: ''

21-10-2025T18:10:07 - [MESSAGE][INFO] - Starting 'Chrome' driver

21-10-2025T18:10:07 - [MESSAGE][INFO] - User set preference: ['args', '[--no-sandbox, --disable-gpu, --disable-dev-shm-usage]']

21-10-2025T18:10:07 - [MESSAGE][INFO] - Action delay is set to 0 milliseconds

21-10-2025T18:10:08 - [MESSAGE][PASSED] - Browser is opened with url: ''

21-10-2025T18:10:08 - [TEST_STEP][PASSED] - maximizeWindow(): Current window maximized

21-10-2025T18:10:08 - [MESSAGE][PASSED] - Current window maximized

21-10-2025T18:10:08 - [TEST_STEP][PASSED] - delay(10): Delayed 10 second(s)

21-10-2025T18:10:18 - [MESSAGE][PASSED] - Delayed 10 second(s)

21-10-2025T18:10:18 - [TEST_STEP][PASSED] - navigateToUrl("https://dx-portal.qa.thekag.com/"): Navigate to 'https://dx-portal.qa.thekag.com/' successfully

21-10-2025T18:10:19 - [MESSAGE][PASSED] - Navigate to 'https://dx-portal.qa.thekag.com/' successfully

21-10-2025T18:10:19 - [TEST_STEP][PASSED] - delay(5): Delayed 5 second(s)

21-10-2025T18:10:24 - [MESSAGE][PASSED] - Delayed 5 second(s)

21-10-2025T18:10:24 - [TEST_STEP][PASSED] - setText(findTestObject("Object Repository/Page_IdentityServer4/input_Username (e.g. email address)_Username"), "Chris.Sheldon+DES_QA@Thekag.com"): Text 'Chris.Sheldon+DES_QA@Thekag.com' is set on object 'Object Repository/Page_IdentityServer4/input_Username (e.g. email address)_Username'

21-10-2025T18:10:24 - [MESSAGE][PASSED] - Text 'Chris.Sheldon+DES_QA@Thekag.com' is set on object 'Object Repository/Page_IdentityServer4/input_Username (e.g. email address)_Username'

21-10-2025T18:10:24 - [TEST_STEP][PASSED] - setEncryptedText(findTestObject("Page_IdentityServer4/input_Password_Password"), "BtpyPJuZxPz9EFo3Zi2c4Q=="): Text ****** has been set on object 'Object Repository/Page_IdentityServer4/input_Password_Password'

21-10-2025T18:10:24 - [MESSAGE][PASSED] - Text ****** has been set on object 'Object Repository/Page_IdentityServer4/input_Password_Password'

21-10-2025T18:10:24 - [TEST_STEP][PASSED] - click(findTestObject("Object Repository/Page_IdentityServer4/button_Login")): Object: 'Object Repository/Page_IdentityServer4/button_Login' is clicked on

21-10-2025T18:10:25 - [MESSAGE][PASSED] - Object: 'Object Repository/Page_IdentityServer4/button_Login' is clicked on

21-10-2025T18:10:25 - [TEST_STEP][PASSED] - delay(5): Delayed 5 second(s)

21-10-2025T18:10:30 - [MESSAGE][PASSED] - Delayed 5 second(s)

21-10-2025T18:10:30 - [MESSAGE][PASSED] - Call Test Case 'Test Cases/DES/DES Login' successfully

21-10-2025T18:10:30 - [TEST_STEP][PASSED] - navigateToUrl(BatchReprocessPageURL): Navigate to 'https://dx-portal.qa.thekag.com/admin/orderbatchreprocess' successfully

21-10-2025T18:10:30 - [MESSAGE][PASSED] - Navigate to 'https://dx-portal.qa.thekag.com/admin/orderbatchreprocess' successfully

21-10-2025T18:10:30 - [TEST_STEP][PASSED] - delay(5): Delayed 5 second(s)

21-10-2025T18:10:35 - [MESSAGE][PASSED] - Delayed 5 second(s)

21-10-2025T18:10:35 - [TEST_STEP][PASSED] - click(findTestObject("DES/Batch Reprocess Page/Transaction Type_dropdown")): Object: 'Object Repository/DES/Batch Reprocess Page/Transaction Type_dropdown' is clicked on

21-10-2025T18:10:35 - [MESSAGE][PASSED] - Object: 'Object Repository/DES/Batch Reprocess Page/Transaction Type_dropdown' is clicked on

21-10-2025T18:10:35 - [TEST_STEP][PASSED] - click(findTestObject("DES/Batch Reprocess Page/Transaction Type_INV")): Object: 'Object Repository/DES/Batch Reprocess Page/Transaction Type_INV' is clicked on

21-10-2025T18:10:35 - [MESSAGE][PASSED] - Object: 'Object Repository/DES/Batch Reprocess Page/Transaction Type_INV' is clicked on

21-10-2025T18:10:35 - [TEST_STEP][PASSED] - delay(1): Delayed 1 second(s)

21-10-2025T18:10:36 - [MESSAGE][PASSED] - Delayed 1 second(s)

21-10-2025T18:10:36 - [TEST_STEP][PASSED] - verifyTextPresent("INV", false): Text 'INV' is present on page 

21-10-2025T18:10:36 - [MESSAGE][PASSED] - Text 'INV' is present on page 

21-10-2025T18:10:36 - [TEST_STEP][PASSED] - delay(1): Delayed 1 second(s)

21-10-2025T18:10:37 - [MESSAGE][PASSED] - Delayed 1 second(s)

21-10-2025T18:10:37 - [TEST_STEP][PASSED] - closeBrowser(): Browser is closed

21-10-2025T18:10:37 - [MESSAGE][PASSED] - Browser is closed

21-10-2025T18:10:37 - [TEST_STEP][PASSED] - Start listener action : retryOnDisconnect: null

21-10-2025T18:10:37 - [TEST_STEP][PASSED] - tcId = testCaseContext.getTestCaseId(): null

21-10-2025T18:10:37 - [TEST_STEP][PASSED] - currentRetry = retryCounts.getOrDefault(tcId, 0): null

21-10-2025T18:10:37 - [TEST_STEP][PASSED] - if (testCaseContext.getTestCaseStatus() == "FAILED" && currentRetry < MAX_RETRIES): null]]></system-out>
         <system-err><![CDATA[]]></system-err>
      </testcase>
      <testcase name="Test Cases/DES/Batch Reprocess Page/SelectTransTypeLTR" time="31.193" classname="Test Cases/DES/Batch Reprocess Page/SelectTransTypeLTR" status="PASSED">
         <system-out><![CDATA[21-10-2025T18:10:37 - [TEST_CASE][PASSED] - Test Cases/DES/Batch Reprocess Page/SelectTransTypeLTR: Test Cases/DES/Batch Reprocess Page/SelectTransTypeLTR

21-10-2025T18:10:37 - [TEST_STEP][PASSED] - Start listener action : beforeTestCase: null

21-10-2025T18:10:37 - [TEST_STEP][PASSED] - addDefaultPackages(): null

21-10-2025T18:10:37 - [TEST_STEP][PASSED] - callTestCase(findTestCase("DES/DES Login"), [:], STOP_ON_FAILURE): Call Test Case 'Test Cases/DES/DES Login' successfully

21-10-2025T18:10:38 - [TEST_CASE][PASSED] - Test Cases/DES/DES Login: Test Cases/DES/DES Login

21-10-2025T18:10:38 - [TEST_STEP][PASSED] - openBrowser(""): Browser is opened with url: ''

21-10-2025T18:10:38 - [MESSAGE][INFO] - Starting 'Chrome' driver

21-10-2025T18:10:38 - [MESSAGE][INFO] - User set preference: ['args', '[--no-sandbox, --disable-gpu, --disable-dev-shm-usage]']

21-10-2025T18:10:38 - [MESSAGE][INFO] - Action delay is set to 0 milliseconds

21-10-2025T18:10:38 - [MESSAGE][PASSED] - Browser is opened with url: ''

21-10-2025T18:10:38 - [TEST_STEP][PASSED] - maximizeWindow(): Current window maximized

21-10-2025T18:10:38 - [MESSAGE][PASSED] - Current window maximized

21-10-2025T18:10:38 - [TEST_STEP][PASSED] - delay(10): Delayed 10 second(s)

21-10-2025T18:10:48 - [MESSAGE][PASSED] - Delayed 10 second(s)

21-10-2025T18:10:48 - [TEST_STEP][PASSED] - navigateToUrl("https://dx-portal.qa.thekag.com/"): Navigate to 'https://dx-portal.qa.thekag.com/' successfully

21-10-2025T18:10:49 - [MESSAGE][PASSED] - Navigate to 'https://dx-portal.qa.thekag.com/' successfully

21-10-2025T18:10:49 - [TEST_STEP][PASSED] - delay(5): Delayed 5 second(s)

21-10-2025T18:10:54 - [MESSAGE][PASSED] - Delayed 5 second(s)

21-10-2025T18:10:54 - [TEST_STEP][PASSED] - setText(findTestObject("Object Repository/Page_IdentityServer4/input_Username (e.g. email address)_Username"), "Chris.Sheldon+DES_QA@Thekag.com"): Text 'Chris.Sheldon+DES_QA@Thekag.com' is set on object 'Object Repository/Page_IdentityServer4/input_Username (e.g. email address)_Username'

21-10-2025T18:10:55 - [MESSAGE][PASSED] - Text 'Chris.Sheldon+DES_QA@Thekag.com' is set on object 'Object Repository/Page_IdentityServer4/input_Username (e.g. email address)_Username'

21-10-2025T18:10:55 - [TEST_STEP][PASSED] - setEncryptedText(findTestObject("Page_IdentityServer4/input_Password_Password"), "BtpyPJuZxPz9EFo3Zi2c4Q=="): Text ****** has been set on object 'Object Repository/Page_IdentityServer4/input_Password_Password'

21-10-2025T18:10:55 - [MESSAGE][PASSED] - Text ****** has been set on object 'Object Repository/Page_IdentityServer4/input_Password_Password'

21-10-2025T18:10:55 - [TEST_STEP][PASSED] - click(findTestObject("Object Repository/Page_IdentityServer4/button_Login")): Object: 'Object Repository/Page_IdentityServer4/button_Login' is clicked on

21-10-2025T18:10:55 - [MESSAGE][PASSED] - Object: 'Object Repository/Page_IdentityServer4/button_Login' is clicked on

21-10-2025T18:10:55 - [TEST_STEP][PASSED] - delay(5): Delayed 5 second(s)

21-10-2025T18:11:00 - [MESSAGE][PASSED] - Delayed 5 second(s)

21-10-2025T18:11:00 - [MESSAGE][PASSED] - Call Test Case 'Test Cases/DES/DES Login' successfully

21-10-2025T18:11:00 - [TEST_STEP][PASSED] - navigateToUrl(BatchReprocessPageURL): Navigate to 'https://dx-portal.qa.thekag.com/admin/orderbatchreprocess' successfully

21-10-2025T18:11:00 - [MESSAGE][PASSED] - Navigate to 'https://dx-portal.qa.thekag.com/admin/orderbatchreprocess' successfully

21-10-2025T18:11:00 - [TEST_STEP][PASSED] - delay(5): Delayed 5 second(s)

21-10-2025T18:11:05 - [MESSAGE][PASSED] - Delayed 5 second(s)

21-10-2025T18:11:05 - [TEST_STEP][PASSED] - click(findTestObject("DES/Batch Reprocess Page/Transaction Type_dropdown")): Object: 'Object Repository/DES/Batch Reprocess Page/Transaction Type_dropdown' is clicked on

21-10-2025T18:11:05 - [MESSAGE][PASSED] - Object: 'Object Repository/DES/Batch Reprocess Page/Transaction Type_dropdown' is clicked on

21-10-2025T18:11:05 - [TEST_STEP][PASSED] - click(findTestObject("DES/Batch Reprocess Page/Transaction Type_LTR")): Object: 'Object Repository/DES/Batch Reprocess Page/Transaction Type_LTR' is clicked on

21-10-2025T18:11:05 - [MESSAGE][PASSED] - Object: 'Object Repository/DES/Batch Reprocess Page/Transaction Type_LTR' is clicked on

21-10-2025T18:11:05 - [TEST_STEP][PASSED] - delay(3): Delayed 3 second(s)

21-10-2025T18:11:08 - [MESSAGE][PASSED] - Delayed 3 second(s)

21-10-2025T18:11:08 - [TEST_STEP][PASSED] - verifyTextPresent("LTR", false): Text 'LTR' is present on page 

21-10-2025T18:11:08 - [MESSAGE][PASSED] - Text 'LTR' is present on page 

21-10-2025T18:11:08 - [TEST_STEP][PASSED] - closeBrowser(): Browser is closed

21-10-2025T18:11:09 - [MESSAGE][PASSED] - Browser is closed

21-10-2025T18:11:09 - [TEST_STEP][PASSED] - Start listener action : retryOnDisconnect: null

21-10-2025T18:11:09 - [TEST_STEP][PASSED] - tcId = testCaseContext.getTestCaseId(): null

21-10-2025T18:11:09 - [TEST_STEP][PASSED] - currentRetry = retryCounts.getOrDefault(tcId, 0): null

21-10-2025T18:11:09 - [TEST_STEP][PASSED] - if (testCaseContext.getTestCaseStatus() == "FAILED" && currentRetry < MAX_RETRIES): null]]></system-out>
         <system-err><![CDATA[]]></system-err>
      </testcase>
      <testcase name="Test Cases/DES/Batch Reprocess Page/SelectTransTypeSSM" time="31.116" classname="Test Cases/DES/Batch Reprocess Page/SelectTransTypeSSM" status="PASSED">
         <system-out><![CDATA[21-10-2025T18:11:09 - [TEST_CASE][PASSED] - Test Cases/DES/Batch Reprocess Page/SelectTransTypeSSM: Test Cases/DES/Batch Reprocess Page/SelectTransTypeSSM

21-10-2025T18:11:09 - [TEST_STEP][PASSED] - Start listener action : beforeTestCase: null

21-10-2025T18:11:09 - [TEST_STEP][PASSED] - addDefaultPackages(): null

21-10-2025T18:11:09 - [TEST_STEP][PASSED] - callTestCase(findTestCase("DES/DES Login"), [:], STOP_ON_FAILURE): Call Test Case 'Test Cases/DES/DES Login' successfully

21-10-2025T18:11:09 - [TEST_CASE][PASSED] - Test Cases/DES/DES Login: Test Cases/DES/DES Login

21-10-2025T18:11:09 - [TEST_STEP][PASSED] - openBrowser(""): Browser is opened with url: ''

21-10-2025T18:11:09 - [MESSAGE][INFO] - Starting 'Chrome' driver

21-10-2025T18:11:09 - [MESSAGE][INFO] - User set preference: ['args', '[--no-sandbox, --disable-gpu, --disable-dev-shm-usage]']

21-10-2025T18:11:09 - [MESSAGE][INFO] - Action delay is set to 0 milliseconds

21-10-2025T18:11:10 - [MESSAGE][PASSED] - Browser is opened with url: ''

21-10-2025T18:11:10 - [TEST_STEP][PASSED] - maximizeWindow(): Current window maximized

21-10-2025T18:11:10 - [MESSAGE][PASSED] - Current window maximized

21-10-2025T18:11:10 - [TEST_STEP][PASSED] - delay(10): Delayed 10 second(s)

21-10-2025T18:11:20 - [MESSAGE][PASSED] - Delayed 10 second(s)

21-10-2025T18:11:20 - [TEST_STEP][PASSED] - navigateToUrl("https://dx-portal.qa.thekag.com/"): Navigate to 'https://dx-portal.qa.thekag.com/' successfully

21-10-2025T18:11:20 - [MESSAGE][PASSED] - Navigate to 'https://dx-portal.qa.thekag.com/' successfully

21-10-2025T18:11:20 - [TEST_STEP][PASSED] - delay(5): Delayed 5 second(s)

21-10-2025T18:11:25 - [MESSAGE][PASSED] - Delayed 5 second(s)

21-10-2025T18:11:25 - [TEST_STEP][PASSED] - setText(findTestObject("Object Repository/Page_IdentityServer4/input_Username (e.g. email address)_Username"), "Chris.Sheldon+DES_QA@Thekag.com"): Text 'Chris.Sheldon+DES_QA@Thekag.com' is set on object 'Object Repository/Page_IdentityServer4/input_Username (e.g. email address)_Username'

21-10-2025T18:11:25 - [MESSAGE][PASSED] - Text 'Chris.Sheldon+DES_QA@Thekag.com' is set on object 'Object Repository/Page_IdentityServer4/input_Username (e.g. email address)_Username'

21-10-2025T18:11:25 - [TEST_STEP][PASSED] - setEncryptedText(findTestObject("Page_IdentityServer4/input_Password_Password"), "BtpyPJuZxPz9EFo3Zi2c4Q=="): Text ****** has been set on object 'Object Repository/Page_IdentityServer4/input_Password_Password'

[...]

21-10-2025T18:12:46 - [TEST_STEP][PASSED] - delay(1): Delayed 1 second(s)

21-10-2025T18:12:47 - [MESSAGE][PASSED] - Delayed 1 second(s)

21-10-2025T18:12:47 - [TEST_STEP][PASSED] - click(findTestObject("Object Repository/Page_data-exchange/span_BLUEROS - BLUEMKES INC (1)")): Object: 'Object Repository/Page_data-exchange/span_BLUEROS - BLUEMKES INC (1)' is clicked on

21-10-2025T18:12:47 - [MESSAGE][PASSED] - Object: 'Object Repository/Page_data-exchange/span_BLUEROS - BLUEMKES INC (1)' is clicked on

21-10-2025T18:12:47 - [TEST_STEP][PASSED] - delay(2): Delayed 2 second(s)

21-10-2025T18:12:49 - [MESSAGE][PASSED] - Delayed 2 second(s)

21-10-2025T18:12:49 - [TEST_STEP][PASSED] - setText(findTestObject("Object Repository/Page_data-exchange/textarea_(0)_numbers-to-reprocess"), "45875037A
45879315A"): Text '45875037A
45879315A' is set on object 'Object Repository/Page_data-exchange/textarea_(0)_numbers-to-reprocess'

21-10-2025T18:12:49 - [MESSAGE][PASSED] - Text '45875037A
45879315A' is set on object 'Object Repository/Page_data-exchange/textarea_(0)_numbers-to-reprocess'

21-10-2025T18:12:49 - [TEST_STEP][PASSED] - click(findTestObject("Object Repository/Page_data-exchange/button_Reprocess_1")): Object: 'Object Repository/Page_data-exchange/button_Reprocess_1' is clicked on

21-10-2025T18:12:49 - [MESSAGE][PASSED] - Object: 'Object Repository/Page_data-exchange/button_Reprocess_1' is clicked on

21-10-2025T18:12:49 - [TEST_STEP][PASSED] - delay(3): Delayed 3 second(s)

21-10-2025T18:12:52 - [MESSAGE][PASSED] - Delayed 3 second(s)

21-10-2025T18:12:52 - [TEST_STEP][PASSED] - click(findTestObject("Object Repository/Page_data-exchange/button_OK")): Object: 'Object Repository/Page_data-exchange/button_OK' is clicked on

21-10-2025T18:12:52 - [MESSAGE][PASSED] - Object: 'Object Repository/Page_data-exchange/button_OK' is clicked on

21-10-2025T18:12:52 - [TEST_STEP][PASSED] - verifyElementText(findTestObject("Object Repository/Page_data-exchange/textarea_Reprocess_unsuccessful-reprocessed"), ""): Actual text and expected text of test object 'Object Repository/Page_data-exchange/textarea_Reprocess_unsuccessful-reprocessed' are matched.

21-10-2025T18:12:53 - [MESSAGE][PASSED] - Actual text and expected text of test object 'Object Repository/Page_data-exchange/textarea_Reprocess_unsuccessful-reprocessed' are matched.

21-10-2025T18:12:53 - [TEST_STEP][PASSED] - verifyElementText(findTestObject("Object Repository/Page_data-exchange/strong_(1)"), "(1)"): Actual text and expected text of test object 'Object Repository/Page_data-exchange/strong_(1)' are matched.

21-10-2025T18:12:53 - [MESSAGE][PASSED] - Actual text and expected text of test object 'Object Repository/Page_data-exchange/strong_(1)' are matched.

21-10-2025T18:12:53 - [TEST_STEP][PASSED] - delay(2): Delayed 2 second(s)

21-10-2025T18:12:55 - [MESSAGE][PASSED] - Delayed 2 second(s)

21-10-2025T18:12:55 - [TEST_STEP][PASSED] - closeBrowser(): Browser is closed

21-10-2025T18:12:55 - [MESSAGE][PASSED] - Browser is closed

21-10-2025T18:12:55 - [TEST_STEP][PASSED] - Start listener action : retryOnDisconnect: null

21-10-2025T18:12:55 - [TEST_STEP][PASSED] - tcId = testCaseContext.getTestCaseId(): null

21-10-2025T18:12:55 - [TEST_STEP][PASSED] - currentRetry = retryCounts.getOrDefault(tcId, 0): null

21-10-2025T18:12:55 - [TEST_STEP][PASSED] - if (testCaseContext.getTestCaseStatus() == "FAILED" && currentRetry < MAX_RETRIES): null]]></system-out>
         <system-err><![CDATA[]]></system-err>
      </testcase>
      <testcase name="Test Cases/DES/Batch Reprocess Page/ReprocessInvoicesSameBillTo" time="33.717" classname="Test Cases/DES/Batch Reprocess Page/ReprocessInvoicesSameBillTo" status="PASSED">
         <system-out><![CDATA[21-10-2025T18:12:55 - [TEST_CASE][PASSED] - Test Cases/DES/Batch Reprocess Page/ReprocessInvoicesSameBillTo: Test Cases/DES/Batch Reprocess Page/ReprocessInvoicesSameBillTo

21-10-2025T18:12:55 - [TEST_STEP][PASSED] - Start listener action : beforeTestCase: null

21-10-2025T18:12:55 - [TEST_STEP][PASSED] - addDefaultPackages(): null

21-10-2025T18:12:55 - [TEST_STEP][PASSED] - callTestCase(findTestCase("DES/DES Login"), [:], STOP_ON_FAILURE): Call Test Case 'Test Cases/DES/DES Login' successfully

21-10-2025T18:12:55 - [TEST_CASE][PASSED] - Test Cases/DES/DES Login: Test Cases/DES/DES Login

21-10-2025T18:12:55 - [TEST_STEP][PASSED] - openBrowser(""): Browser is opened with url: ''

21-10-2025T18:12:55 - [MESSAGE][INFO] - Starting 'Chrome' driver

21-10-2025T18:12:55 - [MESSAGE][INFO] - User set preference: ['args', '[--no-sandbox, --disable-gpu, --disable-dev-shm-usage]']

21-10-2025T18:12:55 - [MESSAGE][INFO] - Action delay is set to 0 milliseconds

21-10-2025T18:12:56 - [MESSAGE][PASSED] - Browser is opened with url: ''

21-10-2025T18:12:56 - [TEST_STEP][PASSED] - maximizeWindow(): Current window maximized

21-10-2025T18:12:56 - [MESSAGE][PASSED] - Current window maximized

21-10-2025T18:12:56 - [TEST_STEP][PASSED] - delay(10): Delayed 10 second(s)

21-10-2025T18:13:06 - [MESSAGE][PASSED] - Delayed 10 second(s)

21-10-2025T18:13:06 - [TEST_STEP][PASSED] - navigateToUrl("https://dx-portal.qa.thekag.com/"): Navigate to 'https://dx-portal.qa.thekag.com/' successfully

21-10-2025T18:13:06 - [MESSAGE][PASSED] - Navigate to 'https://dx-portal.qa.thekag.com/' successfully

21-10-2025T18:13:06 - [TEST_STEP][PASSED] - delay(5): Delayed 5 second(s)

21-10-2025T18:13:11 - [MESSAGE][PASSED] - Delayed 5 second(s)

21-10-2025T18:13:11 - [TEST_STEP][PASSED] - setText(findTestObject("Object Repository/Page_IdentityServer4/input_Username (e.g. email address)_Username"), "Chris.Sheldon+DES_QA@Thekag.com"): Text 'Chris.Sheldon+DES_QA@Thekag.com' is set on object 'Object Repository/Page_IdentityServer4/input_Username (e.g. email address)_Username'

21-10-2025T18:13:11 - [MESSAGE][PASSED] - Text 'Chris.Sheldon+DES_QA@Thekag.com' is set on object 'Object Repository/Page_IdentityServer4/input_Username (e.g. email address)_Username'

21-10-2025T18:13:11 - [TEST_STEP][PASSED] - setEncryptedText(findTestObject("Page_IdentityServer4/input_Password_Password"), "BtpyPJuZxPz9EFo3Zi2c4Q=="): Text ****** has been set on object 'Object Repository/Page_IdentityServer4/input_Password_Password'

21-10-2025T18:13:12 - [MESSAGE][PASSED] - Text ****** has been set on object 'Object Repository/Page_IdentityServer4/input_Password_Password'

21-10-2025T18:13:12 - [TEST_STEP][PASSED] - click(findTestObject("Object Repository/Page_IdentityServer4/button_Login")): Object: 'Object Repository/Page_IdentityServer4/button_Login' is clicked on

21-10-2025T18:13:12 - [MESSAGE][PASSED] - Object: 'Object Repository/Page_IdentityServer4/button_Login' is clicked on

21-10-2025T18:13:12 - [TEST_STEP][PASSED] - delay(5): Delayed 5 second(s)

21-10-2025T18:13:17 - [MESSAGE][PASSED] - Delayed 5 second(s)

21-10-2025T18:13:17 - [MESSAGE][PASSED] - Call Test Case 'Test Cases/DES/DES Login' successfully

21-10-2025T18:13:17 - [TEST_STEP][PASSED] - navigateToUrl(BatchReprocessPageURL): Navigate to 'https://dx-portal.qa.thekag.com/admin/orderbatchreprocess' successfully

21-10-2025T18:13:17 - [MESSAGE][PASSED] - Navigate to 'https://dx-portal.qa.thekag.com/admin/orderbatchreprocess' successfully

21-10-2025T18:13:17 - [TEST_STEP][PASSED] - delay(2): Delayed 2 second(s)

21-10-2025T18:13:19 - [MESSAGE][PASSED] - Delayed 2 second(s)

21-10-2025T18:13:19 - [TEST_STEP][PASSED] - click(findTestObject("Object Repository/DES/Batch Reprocess Page/Transaction Type_dropdown")): Object: 'Object Repository/DES/Batch Reprocess Page/Transaction Type_dropdown' is clicked on

21-10-2025T18:13:19 - [MESSAGE][PASSED] - Object: 'Object Repository/DES/Batch Reprocess Page/Transaction Type_dropdown' is clicked on

21-10-2025T18:13:19 - [TEST_STEP][PASSED] - click(findTestObject("Object Repository/DES/Batch Reprocess Page/Transaction Type_INV")): Object: 'Object Repository/DES/Batch Reprocess Page/Transaction Type_INV' is clicked on

21-10-2025T18:13:19 - [MESSAGE][PASSED] - Object: 'Object Repository/DES/Batch Reprocess Page/Transaction Type_INV' is clicked on

21-10-2025T18:13:19 - [TEST_STEP][PASSED] - delay(2): Delayed 2 second(s)

21-10-2025T18:13:21 - [MESSAGE][PASSED] - Delayed 2 second(s)

21-10-2025T18:13:21 - [TEST_STEP][PASSED] - click(findTestObject("Object Repository/DES/Batch Reprocess Page/Division_dropdown")): Object: 'Object Repository/DES/Batch Reprocess Page/Division_dropdown' is clicked on

21-10-2025T18:13:21 - [MESSAGE][PASSED] - Object: 'Object Repository/DES/Batch Reprocess Page/Division_dropdown' is clicked on

21-10-2025T18:13:21 - [TEST_STEP][PASSED] - click(findTestObject("Object Repository/DES/Batch Reprocess Page/Division_FDG")): Object: 'Object Repository/DES/Batch Reprocess Page/Division_FDG' is clicked on

21-10-2025T18:13:21 - [MESSAGE][PASSED] - Object: 'Object Repository/DES/Batch Reprocess Page/Division_FDG' is clicked on

21-10-2025T18:13:21 - [TEST_STEP][PASSED] - click(findTestObject("Object Repository/TripFocus/Page_TripFocus/div_BillTos_multiselect__select")): Object: 'Object Repository/TripFocus/Page_TripFocus/div_BillTos_multiselect__select' is clicked on

21-10-2025T18:13:21 - [MESSAGE][PASSED] - Object: 'Object Repository/TripFocus/Page_TripFocus/div_BillTos_multiselect__select' is clicked on

21-10-2025T18:13:21 - [TEST_STEP][PASSED] - setText(findTestObject("Object Repository/Page_data-exchange/input_Bill To Code_multiselect__input"), "blueros"): Text 'blueros' is set on object 'Object Repository/Page_data-exchange/input_Bill To Code_multiselect__input'

21-10-2025T18:13:22 - [MESSAGE][PASSED] - Text 'blueros' is set on object 'Object Repository/Page_data-exchange/input_Bill To Code_multiselect__input'

21-10-2025T18:13:22 - [TEST_STEP][PASSED] - delay(1): Delayed 1 second(s)

21-10-2025T18:13:23 - [MESSAGE][PASSED] - Delayed 1 second(s)

21-10-2025T18:13:23 - [TEST_STEP][PASSED] - click(findTestObject("Object Repository/Page_data-exchange/span_BLUEROS - BLUEMKES INC (1)")): Object: 'Object Repository/Page_data-exchange/span_BLUEROS - BLUEMKES INC (1)' is clicked on

21-10-2025T18:13:23 - [MESSAGE][PASSED] - Object: 'Object Repository/Page_data-exchange/span_BLUEROS - BLUEMKES INC (1)' is clicked on

21-10-2025T18:13:23 - [TEST_STEP][PASSED] - delay(2): Delayed 2 second(s)

21-10-2025T18:13:25 - [MESSAGE][PASSED] - Delayed 2 second(s)

21-10-2025T18:13:25 - [TEST_STEP][PASSED] - setText(findTestObject("Object Repository/Page_data-exchange/textarea_(0)_numbers-to-reprocess"), "45875037A
45847683A
45847680A"): Text '45875037A
45847683A
45847680A' is set on object 'Object Repository/Page_data-exchange/textarea_(0)_numbers-to-reprocess'

21-10-2025T18:13:25 - [MESSAGE][PASSED] - Text '45875037A
45847683A
45847680A' is set on object 'Object Repository/Page_data-exchange/textarea_(0)_numbers-to-reprocess'

21-10-2025T18:13:25 - [TEST_STEP][PASSED] - click(findTestObject("Object Repository/Page_data-exchange/button_Reprocess_1")): Object: 'Object Repository/Page_data-exchange/button_Reprocess_1' is clicked on

21-10-2025T18:13:25 - [MESSAGE][PASSED] - Object: 'Object Repository/Page_data-exchange/button_Reprocess_1' is clicked on

21-10-2025T18:13:25 - [TEST_STEP][PASSED] - delay(3): Delayed 3 second(s)

21-10-2025T18:13:28 - [MESSAGE][PASSED] - Delayed 3 second(s)

21-10-2025T18:13:28 - [TEST_STEP][PASSED] - verifyTextPresent("(3)", false): Text '(3)' is present on page 

21-10-2025T18:13:28 - [MESSAGE][PASSED] - Text '(3)' is present on page 

21-10-2025T18:13:28 - [TEST_STEP][PASSED] - closeBrowser(): Browser is closed

21-10-2025T18:13:28 - [MESSAGE][PASSED] - Browser is closed

21-10-2025T18:13:28 - [TEST_STEP][PASSED] - Start listener action : retryOnDisconnect: null

21-10-2025T18:13:28 - [TEST_STEP][PASSED] - tcId = testCaseContext.getTestCaseId(): null

21-10-2025T18:13:28 - [TEST_STEP][PASSED] - currentRetry = retryCounts.getOrDefault(tcId, 0): null

21-10-2025T18:13:28 - [TEST_STEP][PASSED] - if (testCaseContext.getTestCaseStatus() == "FAILED" && currentRetry < MAX_RETRIES): null]]></system-out>
         <system-err><![CDATA[]]></system-err>
      </testcase>
      <testcase name="Test Cases/DES/Batch Reprocess Page/ReprocessSSM" time="32.871" classname="Test Cases/DES/Batch Reprocess Page/ReprocessSSM" status="PASSED">
         <system-out><![CDATA[21-10-2025T18:13:28 - [TEST_CASE][PASSED] - Test Cases/DES/Batch Reprocess Page/ReprocessSSM: Test Cases/DES/Batch Reprocess Page/ReprocessSSM

21-10-2025T18:13:28 - [TEST_STEP][PASSED] - Start listener action : beforeTestCase: null

21-10-2025T18:13:28 - [TEST_STEP][PASSED] - addDefaultPackages(): null

21-10-2025T18:13:28 - [TEST_STEP][PASSED] - callTestCase(findTestCase("DES/DES Login"), [:], STOP_ON_FAILURE): Call Test Case 'Test Cases/DES/DES Login' successfully

21-10-2025T18:13:29 - [TEST_CASE][PASSED] - Test Cases/DES/DES Login: Test Cases/DES/DES Login

21-10-2025T18:13:29 - [TEST_STEP][PASSED] - openBrowser(""): Browser is opened with url: ''

21-10-2025T18:13:29 - [MESSAGE][INFO] - Starting 'Chrome' driver

21-10-2025T18:13:29 - [MESSAGE][INFO] - User set preference: ['args', '[--no-sandbox, --disable-gpu, --disable-dev-shm-usage]']

21-10-2025T18:13:29 - [MESSAGE][INFO] - Action delay is set to 0 milliseconds

21-10-2025T18:13:29 - [MESSAGE][PASSED] - Browser is opened with url: ''

21-10-2025T18:13:29 - [TEST_STEP][PASSED] - maximizeWindow(): Current window maximized

21-10-2025T18:13:29 - [MESSAGE][PASSED] - Current window maximized

21-10-2025T18:13:29 - [TEST_STEP][PASSED] - delay(10): Delayed 10 second(s)

21-10-2025T18:13:39 - [MESSAGE][PASSED] - Delayed 10 second(s)

21-10-2025T18:13:39 - [TEST_STEP][PASSED] - navigateToUrl("https://dx-portal.qa.thekag.com/"): Navigate to 'https://dx-portal.qa.thekag.com/' successfully

21-10-2025T18:13:40 - [MESSAGE][PASSED] - Navigate to 'https://dx-portal.qa.thekag.com/' successfully

21-10-2025T18:13:40 - [TEST_STEP][PASSED] - delay(5): Delayed 5 second(s)

21-10-2025T18:13:45 - [MESSAGE][PASSED] - Delayed 5 second(s)

21-10-2025T18:13:45 - [TEST_STEP][PASSED] - setText(findTestObject("Object Repository/Page_IdentityServer4/input_Username (e.g. email address)_Username"), "Chris.Sheldon+DES_QA@Thekag.com"): Text 'Chris.Sheldon+DES_QA@Thekag.com' is set on object 'Object Repository/Page_IdentityServer4/input_Username (e.g. email address)_Username'

21-10-2025T18:13:45 - [MESSAGE][PASSED] - Text 'Chris.Sheldon+DES_QA@Thekag.com' is set on object 'Object Repository/Page_IdentityServer4/input_Username (e.g. email address)_Username'

21-10-2025T18:13:45 - [TEST_STEP][PASSED] - setEncryptedText(findTestObject("Page_IdentityServer4/input_Password_Password"), "BtpyPJuZxPz9EFo3Zi2c4Q=="): Text ****** has been set on object 'Object Repository/Page_IdentityServer4/input_Password_Password'

21-10-2025T18:13:45 - [MESSAGE][PASSED] - Text ****** has been set on object 'Object Repository/Page_IdentityServer4/input_Password_Password'

21-10-2025T18:13:45 - [TEST_STEP][PASSED] - click(findTestObject("Object Repository/Page_IdentityServer4/button_Login")): Object: 'Object Repository/Page_IdentityServer4/button_Login' is clicked on

21-10-2025T18:13:45 - [MESSAGE][PASSED] - Object: 'Object Repository/Page_IdentityServer4/button_Login' is clicked on

21-10-2025T18:13:45 - [TEST_STEP][PASSED] - delay(5): Delayed 5 second(s)

21-10-2025T18:13:50 - [MESSAGE][PASSED] - Delayed 5 second(s)

21-10-2025T18:13:50 - [MESSAGE][PASSED] - Call Test Case 'Test Cases/DES/DES Login' successfully

21-10-2025T18:13:50 - [TEST_STEP][PASSED] - navigateToUrl(BatchReprocessPageURL): Navigate to 'https://dx-portal.qa.thekag.com/admin/orderbatchreprocess' successfully

21-10-2025T18:13:50 - [MESSAGE][PASSED] - Navigate to 'https://dx-portal.qa.thekag.com/admin/orderbatchreprocess' successfully

21-10-2025T18:13:50 - [TEST_STEP][PASSED] - delay(5): Delayed 5 second(s)

21-10-2025T18:13:55 - [MESSAGE][PASSED] - Delayed 5 second(s)

21-10-2025T18:13:55 - [TEST_STEP][PASSED] - click(findTestObject("DES/Batch Reprocess Page/Transaction Type_dropdown")): Object: 'Object Repository/DES/Batch Reprocess Page/Transaction Type_dropdown' is clicked on

21-10-2025T18:13:56 - [MESSAGE][PASSED] - Object: 'Object Repository/DES/Batch Reprocess Page/Transaction Type_dropdown' is clicked on

21-10-2025T18:13:56 - [TEST_STEP][PASSED] - click(findTestObject("DES/Batch Reprocess Page/Transaction Type_SSM")): Object: 'Object Repository/DES/Batch Reprocess Page/Transaction Type_SSM' is clicked on

21-10-2025T18:13:56 - [MESSAGE][PASSED] - Object: 'Object Repository/DES/Batch Reprocess Page/Transaction Type_SSM' is clicked on

21-10-2025T18:13:56 - [TEST_STEP][PASSED] - delay(1): Delayed 1 second(s)

21-10-2025T18:13:57 - [MESSAGE][PASSED] - Delayed 1 second(s)

21-10-2025T18:13:57 - [TEST_STEP][PASSED] - click(findTestObject("DES/Batch Reprocess Page/Division_dropdown")): Object: 'Object Repository/DES/Batch Reprocess Page/Division_dropdown' is clicked on

21-10-2025T18:13:57 - [MESSAGE][PASSED] - Object: 'Object Repository/DES/Batch Reprocess Page/Division_dropdown' is clicked on

21-10-2025T18:13:57 - [TEST_STEP][PASSED] - click(findTestObject("DES/Batch Reprocess Page/Division_FDG")): Object: 'Object Repository/DES/Batch Reprocess Page/Division_FDG' is clicked on

21-10-2025T18:13:57 - [MESSAGE][PASSED] - Object: 'Object Repository/DES/Batch Reprocess Page/Division_FDG' is clicked on

21-10-2025T18:13:57 - [TEST_STEP][PASSED] - verifyTextPresent("SSM", false): Text 'SSM' is present on page 

21-10-2025T18:13:57 - [MESSAGE][PASSED] - Text 'SSM' is present on page 

21-10-2025T18:13:57 - [TEST_STEP][PASSED] - delay(2): Delayed 2 second(s)

21-10-2025T18:13:59 - [MESSAGE][PASSED] - Delayed 2 second(s)

21-10-2025T18:13:59 - [TEST_STEP][PASSED] - setText(findTestObject("Object Repository/Page_data-exchange/textarea_(0)_numbers-to-reprocess"), "55098376"): Text '55098376' is set on object 'Object Repository/Page_data-exchange/textarea_(0)_numbers-to-reprocess'

21-10-2025T18:13:59 - [MESSAGE][PASSED] - Text '55098376' is set on object 'Object Repository/Page_data-exchange/textarea_(0)_numbers-to-reprocess'

21-10-2025T18:13:59 - [TEST_STEP][PASSED] - click(findTestObject("Object Repository/Page_data-exchange/button_Reprocess_1")): Object: 'Object Repository/Page_data-exchange/button_Reprocess_1' is clicked on

21-10-2025T18:13:59 - [MESSAGE][PASSED] - Object: 'Object Repository/Page_data-exchange/button_Reprocess_1' is clicked on

21-10-2025T18:13:59 - [TEST_STEP][PASSED] - delay(2): Delayed 2 second(s)

21-10-2025T18:14:01 - [MESSAGE][PASSED] - Delayed 2 second(s)

21-10-2025T18:14:01 - [TEST_STEP][PASSED] - verifyElementText(findTestObject("DES/Batch Reprocess Page/Page_data-exchange/strong_(1) (1)"), "(1)"): Actual text and expected text of test object 'Object Repository/DES/Batch Reprocess Page/Page_data-exchange/strong_(1) (1)' are matched.

21-10-2025T18:14:01 - [MESSAGE][PASSED] - Actual text and expected text of test object 'Object Repository/DES/Batch Reprocess Page/Page_data-exchange/strong_(1) (1)' are matched.

21-10-2025T18:14:01 - [TEST_STEP][PASSED] - closeBrowser(): Browser is closed

21-10-2025T18:14:01 - [MESSAGE][PASSED] - Browser is closed

21-10-2025T18:14:01 - [TEST_STEP][PASSED] - Start listener action : retryOnDisconnect: null

21-10-2025T18:14:01 - [TEST_STEP][PASSED] - tcId = testCaseContext.getTestCaseId(): null

21-10-2025T18:14:01 - [TEST_STEP][PASSED] - currentRetry = retryCounts.getOrDefault(tcId, 0): null

21-10-2025T18:14:01 - [TEST_STEP][PASSED] - if (testCaseContext.getTestCaseStatus() == "FAILED" && currentRetry < MAX_RETRIES): null]]></system-out>
         <system-err><![CDATA[]]></system-err>
      </testcase>
      <system-out><![CDATA[21-10-2025T18:04:26 - [TEST_SUITE][PASSED] - Batch Reprocess Page: Test Cases/DES/Batch Reprocess Page/ReprocessSSM]]></system-out>
      <system-err><![CDATA[]]></system-err>
   </testsuite>
</testsuites>
